#
# A fatal error has been detected by the Java Runtime Environment:
#
#  EXCEPTION_ACCESS_VIOLATION (0xc0000005) at pc=0x00007ffac6f84807, pid=17512, tid=15664
#
# JRE version: OpenJDK Runtime Environment (11.0.15) (build 11.0.15+0-b2043.56-9505619)
# Java VM: OpenJDK 64-Bit Server VM (11.0.15+0-b2043.56-9505619, mixed mode, tiered, compressed oops, g1 gc, windows-amd64)
# Problematic frame:
# V  [jvm.dll+0x1b4807]
#
# No core dump will be written. Minidumps are not enabled by default on client versions of Windows
#
# If you would like to submit a bug report, please visit:
#   https://bugreport.java.com/bugreport/crash.jsp
#

---------------  S U M M A R Y ------------

Command Line: --add-opens=java.base/java.util=ALL-UNNAMED --add-opens=java.base/java.lang=ALL-UNNAMED --add-opens=java.base/java.lang.invoke=ALL-UNNAMED --add-opens=java.base/java.util=ALL-UNNAMED --add-opens=java.prefs/java.util.prefs=ALL-UNNAMED --add-opens=java.prefs/java.util.prefs=ALL-UNNAMED --add-opens=java.base/java.nio.charset=ALL-UNNAMED --add-opens=java.base/java.net=ALL-UNNAMED --add-opens=java.base/java.util.concurrent.atomic=ALL-UNNAMED -Xmx2048m -Dfile.encoding=UTF-8 -Duser.country=RU -Duser.language=ru -Duser.variant org.gradle.launcher.daemon.bootstrap.GradleDaemon 7.5

Host: 11th Gen Intel(R) Core(TM) i5-1135G7 @ 2.40GHz, 8 cores, 15G,  Windows 11 , 64 bit Build 22621 (10.0.22621.1344)
Time: Wed Apr  5 18:14:58 2023  Windows 11 , 64 bit Build 22621 (10.0.22621.1344) elapsed time: 47.719504 seconds (0d 0h 0m 47s)

---------------  T H R E A D  ---------------

Current thread (0x000001425676d800):  JavaThread "C2 CompilerThread2" daemon [_thread_in_native, id=15664, stack(0x000000026fc00000,0x000000026fd00000)]


Current CompileTask:
C2:  47719 8446       4       groovy.lang.MetaClassImpl$1MOPIter::methodNameAction (325 bytes)

Stack: [0x000000026fc00000,0x000000026fd00000],  sp=0x000000026fcfb7d0,  free space=1005k
Native frames: (J=compiled Java code, j=interpreted, Vv=VM code, C=native code)
V  [jvm.dll+0x1b4807]
V  [jvm.dll+0x1b3f10]
V  [jvm.dll+0x1b39b7]
V  [jvm.dll+0x22163e]
V  [jvm.dll+0x220498]
V  [jvm.dll+0x19e851]
V  [jvm.dll+0x230479]
V  [jvm.dll+0x22e5ef]
V  [jvm.dll+0x794de1]
V  [jvm.dll+0x78dc24]
V  [jvm.dll+0x6400f6]
C  [ucrtbase.dll+0x29363]
C  [KERNEL32.DLL+0x126bd]
C  [ntdll.dll+0x5a9f8]


siginfo: EXCEPTION_ACCESS_VIOLATION (0xc0000005), reading address 0x000001435f0a8130


Register to memory mapping:

RIP=0x00007ffac6f84807 jvm.dll
RAX=0x0000000000000001 is an unknown value
RBX=0x000001425c8d78e8 points into unknown readable memory: 0xffffffff003fccff | ff cc 3f 00 ff ff ff ff
RCX=0x000000026fcfbdf0 is pointing into the stack for thread: 0x000001425676d800
RDX=0x000001425f0a8130 points into unknown readable memory: 0x0000000100000000 | 00 00 00 00 01 00 00 00
RSP=0x000000026fcfb7d0 is pointing into the stack for thread: 0x000001425676d800
RBP=0x000000026fcfb850 is pointing into the stack for thread: 0x000001425676d800
RSI=0x000000026fcfbdf0 is pointing into the stack for thread: 0x000001425676d800
RDI=0x000001425c8d7950 points into unknown readable memory: 0x3de88b91cf545ac8 | c8 5a 54 cf 91 8b e8 3d
R8 =0x0 is NULL
R9 =0x0000000000000008 is an unknown value
R10=0x0000000040000000 is an unknown value
R11=0x000000026fcfb850 is pointing into the stack for thread: 0x000001425676d800
R12=0x00007ffac6dd0000 jvm.dll
R13=0x0000000000007536 is an unknown value
R14=0x000000000004c900 is an unknown value
R15=0x0 is NULL


Registers:
RAX=0x0000000000000001, RBX=0x000001425c8d78e8, RCX=0x000000026fcfbdf0, RDX=0x000001425f0a8130
RSP=0x000000026fcfb7d0, RBP=0x000000026fcfb850, RSI=0x000000026fcfbdf0, RDI=0x000001425c8d7950
R8 =0x0000000000000000, R9 =0x0000000000000008, R10=0x0000000040000000, R11=0x000000026fcfb850
R12=0x00007ffac6dd0000, R13=0x0000000000007536, R14=0x000000000004c900, R15=0x0000000000000000
RIP=0x00007ffac6f84807, EFLAGS=0x0000000000010202

Top of Stack: (sp=0x000000026fcfb7d0)
0x000000026fcfb7d0:   000000026fcfbdf0 000001425c8ffef0
0x000000026fcfb7e0:   000001425c8d78e8 00007ffac7147940
0x000000026fcfb7f0:   0000000000000000 00000000000007a8
0x000000026fcfb800:   0000000000000000 0000000000000000
0x000000026fcfb810:   0000168500000000 0000000000000008
0x000000026fcfb820:   000001425b4e05a0 0000000000000001
0x000000026fcfb830:   000001425af01d98 00007ffa00000001
0x000000026fcfb840:   000001425ab244f0 000001425ac0b710
0x000000026fcfb850:   0000000000000000 000001425c8d7950
0x000000026fcfb860:   000000026fcfbdf0 00007ffac6f83f10
0x000000026fcfb870:   0000000000000000 000001425c8d7950
0x000000026fcfb880:   0000000000000000 0000000000000000
0x000000026fcfb890:   0000168500000000 00007ffa00000008
0x000000026fcfb8a0:   000001425b4e05a0 00007ffa00000001
0x000000026fcfb8b0:   000001425af01d98 0000000000000001
0x000000026fcfb8c0:   000001425ab244f0 0000000000000000 

Instructions: (pc=0x00007ffac6f84807)
0x00007ffac6f84707:   8b c1 3b f9 7c 0c 0f 1f 00 03 c0 3b f8 7d fa 89
0x00007ffac6f84717:   43 04 ba 04 00 00 00 48 8b cb e8 3a a6 1a 00 45
0x00007ffac6f84727:   33 c0 48 8b f0 44 39 03 7e 29 45 8b c8 0f 1f 40
0x00007ffac6f84737:   00 0f 1f 84 00 00 00 00 00 48 8b 4b 18 4d 8d 49
0x00007ffac6f84747:   04 41 ff c0 41 8b 54 09 fc 41 89 54 01 fc 44 3b
0x00007ffac6f84757:   03 7c e6 44 3b 43 04 7d 11 49 63 c0 33 c9 41 ff
0x00007ffac6f84767:   c0 89 0c 86 44 3b 43 04 7c ef 48 83 7b 08 01 75
0x00007ffac6f84777:   11 48 8b 53 18 48 85 d2 74 08 48 8b cb e8 87 23
0x00007ffac6f84787:   04 00 48 89 73 18 48 8b 74 24 30 48 63 13 48 3b
0x00007ffac6f84797:   d7 7d 18 66 0f 1f 44 00 00 48 8b 4b 18 41 8b 06
0x00007ffac6f847a7:   89 04 91 48 ff c2 48 3b d7 7c ee 8d 47 01 89 03
0x00007ffac6f847b7:   48 8b 4b 18 41 8b 07 48 8b 5c 24 38 4c 8b 74 24
0x00007ffac6f847c7:   48 89 04 b9 48 8b 7c 24 40 48 83 c4 20 41 5f c3
0x00007ffac6f847d7:   cc cc cc cc cc cc cc cc cc 48 89 74 24 20 55 57
0x00007ffac6f847e7:   41 57 48 8b ec 48 81 ec 80 00 00 00 4c 63 52 20
0x00007ffac6f847f7:   48 8b fa 48 8b 91 08 01 00 00 45 8b f8 48 8b f1
0x00007ffac6f84807:   46 8b 0c 92 45 3b ca 74 3a 41 8b c9 49 63 c1 44
0x00007ffac6f84817:   8b 0c 82 44 3b c9 75 f1 45 3b d1 74 23 0f 1f 40
0x00007ffac6f84827:   00 0f 1f 84 00 00 00 00 00 48 8b 86 08 01 00 00
0x00007ffac6f84837:   49 63 ca 44 8b 14 88 44 89 0c 88 45 3b d1 75 e9
0x00007ffac6f84847:   45 8b ca 48 89 9c 24 a0 00 00 00 45 85 c9 0f 84
0x00007ffac6f84857:   de 00 00 00 41 8b c1 48 8d 4d a0 48 8d 14 80 48
0x00007ffac6f84867:   8b 46 70 48 c1 e2 05 48 03 50 10 e8 09 7a 1c 00
0x00007ffac6f84877:   48 8d 1d 82 b7 e4 ff 66 90 8b 45 a0 85 c0 74 3a
0x00007ffac6f84887:   44 8b 45 a4 a8 1f 75 0c 90 c1 e8 05 41 83 c0 05
0x00007ffac6f84897:   a8 1f 74 f5 8b d0 83 e2 1f 0f b6 8c 1a 80 9e 8e
0x00007ffac6f848a7:   00 d3 e8 89 45 a0 41 8d 04 08 89 45 a4 0f b6 84
0x00007ffac6f848b7:   1a 60 9e 8e 00 41 03 c0 eb 09 48 8d 4d a0 e8 06
0x00007ffac6f848c7:   7a 1c 00 85 c0 74 6b 8b c0 48 8d 14 80 48 8b 46
0x00007ffac6f848d7:   70 48 c1 e2 05 48 8b 48 20 44 8b 44 0a 30 45 3b
0x00007ffac6f848e7:   c7 7c 96 41 8d 87 c0 02 00 00 44 3b c0 7d 8a 41
0x00007ffac6f848f7:   8b d0 41 2b d7 48 63 c2 8b ca 48 c1 f8 05 83 e1 


Stack slot to memory mapping:
stack at sp + 0 slots: 0x000000026fcfbdf0 is pointing into the stack for thread: 0x000001425676d800
stack at sp + 1 slots: 0x000001425c8ffef0 points into unknown readable memory: 0x3cfb5131089e0ba8 | a8 0b 9e 08 31 51 fb 3c
stack at sp + 2 slots: 0x000001425c8d78e8 points into unknown readable memory: 0xffffffff003fccff | ff cc 3f 00 ff ff ff ff
stack at sp + 3 slots: 0x00007ffac7147940 jvm.dll
stack at sp + 4 slots: 0x0 is NULL
stack at sp + 5 slots: 0x00000000000007a8 is an unknown value
stack at sp + 6 slots: 0x0 is NULL
stack at sp + 7 slots: 0x0 is NULL


---------------  P R O C E S S  ---------------

Threads class SMR info:
_java_thread_list=0x0000014259c00af0, length=125, elements={
0x0000014238ed8000, 0x0000014253bf7800, 0x0000014253bfa000, 0x0000014253c5e800,
0x0000014253c61800, 0x0000014253c64000, 0x0000014253c68000, 0x0000014253c6b800,
0x0000014253ccc800, 0x0000014253de2000, 0x000001425728e800, 0x0000014254f45000,
0x0000014254e05000, 0x0000014254ee3800, 0x000001425581e000, 0x0000014256a58800,
0x000001425502c800, 0x000001425696b800, 0x0000014255578800, 0x0000014254b12000,
0x0000014256e6a000, 0x0000014256e65000, 0x0000014256e69000, 0x0000014256e67800,
0x0000014256e64000, 0x0000014256e68000, 0x0000014256e6a800, 0x0000014256e65800,
0x0000014256e66800, 0x0000014256223800, 0x000001425621f000, 0x0000014256224800,
0x0000014256223000, 0x0000014256220800, 0x0000014256227000, 0x0000014256221000,
0x0000014256227800, 0x0000014256222000, 0x000001425622c800, 0x000001425622c000,
0x000001425622d800, 0x000001425622a000, 0x0000014256228800, 0x0000014256229800,
0x000001425622b000, 0x0000014257626800, 0x0000014257627800, 0x0000014257629000,
0x000001425762a000, 0x000001425762b000, 0x0000014257628800, 0x0000014257625000,
0x000001425762b800, 0x0000014257626000, 0x0000014257631800, 0x000001425762f000,
0x000001425762f800, 0x000001425762d800, 0x0000014257630800, 0x0000014257632000,
0x000001425762c800, 0x000001425762e000, 0x0000014257633000, 0x0000014257634000,
0x0000014255d18800, 0x0000014255d1c000, 0x0000014255d16000, 0x0000014255d1c800,
0x0000014255d17800, 0x0000014255d1a000, 0x0000014255d19800, 0x0000014255d1b000,
0x0000014255d17000, 0x0000014255d20000, 0x0000014255d1f000, 0x0000014255d20800,
0x0000014255d21800, 0x0000014255d1e000, 0x0000014255d23000, 0x0000014255d22800,
0x0000014255d1d800, 0x0000014255d24000, 0x0000014255d25000, 0x0000014257b71800,
0x0000014257b70000, 0x0000014257b76800, 0x0000014257b72800, 0x0000014257b73800,
0x0000014257b74000, 0x0000014257b75000, 0x0000014257b76000, 0x0000014257b71000,
0x0000014257b78800, 0x0000014257b7a800, 0x0000014257b77800, 0x0000014257b7b800,
0x0000014257b7c800, 0x0000014257b7e000, 0x0000014257b7f000, 0x0000014257b79000,
0x0000014257b7d000, 0x0000014257b7a000, 0x0000014256195800, 0x0000014256191800,
0x0000014256190800, 0x0000014256196000, 0x0000014256194800, 0x0000014256192000,
0x0000014256197000, 0x0000014256198000, 0x0000014256198800, 0x0000014256193000,
0x0000014256199800, 0x0000014256193800, 0x000001425619f000, 0x000001425619c000,
0x000001425619a800, 0x000001425619b000, 0x000001425619c800, 0x000001425619d800,
0x000001425619e800, 0x000001425ada4800, 0x0000014255d54800, 0x000001425676d800,
0x0000014255d53800
}

Java Threads: ( => current thread )
  0x0000014238ed8000 JavaThread "main" [_thread_blocked, id=7292, stack(0x0000000267100000,0x0000000267200000)]
  0x0000014253bf7800 JavaThread "Reference Handler" daemon [_thread_blocked, id=11204, stack(0x0000000267800000,0x0000000267900000)]
  0x0000014253bfa000 JavaThread "Finalizer" daemon [_thread_blocked, id=20940, stack(0x0000000267900000,0x0000000267a00000)]
  0x0000014253c5e800 JavaThread "Signal Dispatcher" daemon [_thread_blocked, id=3188, stack(0x0000000267a00000,0x0000000267b00000)]
  0x0000014253c61800 JavaThread "Attach Listener" daemon [_thread_blocked, id=4528, stack(0x0000000267b00000,0x0000000267c00000)]
  0x0000014253c64000 JavaThread "Service Thread" daemon [_thread_blocked, id=21532, stack(0x0000000267c00000,0x0000000267d00000)]
  0x0000014253c68000 JavaThread "C2 CompilerThread0" daemon [_thread_in_native, id=17192, stack(0x0000000267d00000,0x0000000267e00000)]
  0x0000014253c6b800 JavaThread "C1 CompilerThread0" daemon [_thread_in_vm, id=3732, stack(0x0000000267e00000,0x0000000267f00000)]
  0x0000014253ccc800 JavaThread "Sweeper thread" daemon [_thread_blocked, id=15336, stack(0x0000000267f00000,0x0000000268000000)]
  0x0000014253de2000 JavaThread "Common-Cleaner" daemon [_thread_blocked, id=13808, stack(0x0000000268000000,0x0000000268100000)]
  0x000001425728e800 JavaThread "Daemon health stats" [_thread_blocked, id=4044, stack(0x0000000268900000,0x0000000268a00000)]
  0x0000014254f45000 JavaThread "Incoming local TCP Connector on port 51280" [_thread_in_native, id=16680, stack(0x0000000268200000,0x0000000268300000)]
  0x0000014254e05000 JavaThread "Daemon periodic checks" [_thread_blocked, id=16812, stack(0x0000000268800000,0x0000000268900000)]
  0x0000014254ee3800 JavaThread "Daemon" [_thread_blocked, id=20536, stack(0x0000000268a00000,0x0000000268b00000)]
  0x000001425581e000 JavaThread "Handler for socket connection from /127.0.0.1:51280 to /127.0.0.1:51281" [_thread_in_native, id=3144, stack(0x0000000268b00000,0x0000000268c00000)]
  0x0000014256a58800 JavaThread "Cancel handler" [_thread_blocked, id=22780, stack(0x0000000268c00000,0x0000000268d00000)]
  0x000001425502c800 JavaThread "Daemon worker" [_thread_in_Java, id=18844, stack(0x0000000268d00000,0x0000000268e00000)]
  0x000001425696b800 JavaThread "Asynchronous log dispatcher for DefaultDaemonConnection: socket connection from /127.0.0.1:51280 to /127.0.0.1:51281" [_thread_blocked, id=15832, stack(0x0000000268e00000,0x0000000268f00000)]
  0x0000014255578800 JavaThread "Stdin handler" [_thread_blocked, id=9092, stack(0x0000000268f00000,0x0000000269000000)]
  0x0000014254b12000 JavaThread "Daemon client event forwarder" [_thread_blocked, id=15860, stack(0x0000000269000000,0x0000000269100000)]
  0x0000014256e6a000 JavaThread "Cache worker for journal cache (C:\Users\_dns_\.gradle\caches\journal-1)" [_thread_blocked, id=6748, stack(0x0000000269100000,0x0000000269200000)]
  0x0000014256e65000 JavaThread "File lock request listener" [_thread_in_native, id=11984, stack(0x0000000269200000,0x0000000269300000)]
  0x0000014256e69000 JavaThread "Cache worker for file hash cache (C:\Users\_dns_\.gradle\caches\7.5\fileHashes)" [_thread_blocked, id=20916, stack(0x0000000269300000,0x0000000269400000)]
  0x0000014256e67800 JavaThread "File watcher server" daemon [_thread_in_native, id=22612, stack(0x0000000269900000,0x0000000269a00000)]
  0x0000014256e64000 JavaThread "File watcher consumer" daemon [_thread_blocked, id=16312, stack(0x0000000269a00000,0x0000000269b00000)]
  0x0000014256e68000 JavaThread "Cache worker for checksums cache (C:\Users\_dns_\source\repos\Android011\.gradle\7.5\checksums)" [_thread_blocked, id=12964, stack(0x0000000269700000,0x0000000269800000)]
  0x0000014256e6a800 JavaThread "Cache worker for cache directory md-rule (C:\Users\_dns_\.gradle\caches\7.5\md-rule)" [_thread_blocked, id=6768, stack(0x0000000269800000,0x0000000269900000)]
  0x0000014256e65800 JavaThread "Cache worker for file content cache (C:\Users\_dns_\.gradle\caches\7.5\fileContent)" [_thread_blocked, id=15324, stack(0x0000000269b00000,0x0000000269c00000)]
  0x0000014256e66800 JavaThread "Cache worker for file hash cache (C:\Users\_dns_\source\repos\Android011\.gradle\7.5\fileHashes)" [_thread_blocked, id=11644, stack(0x0000000269d00000,0x0000000269e00000)]
  0x0000014256223800 JavaThread "Cache worker for cache directory md-supplier (C:\Users\_dns_\.gradle\caches\7.5\md-supplier)" [_thread_blocked, id=6820, stack(0x0000000269e00000,0x0000000269f00000)]
  0x000001425621f000 JavaThread "Cache worker for execution history cache (C:\Users\_dns_\.gradle\caches\7.5\executionHistory)" [_thread_blocked, id=18424, stack(0x0000000269f00000,0x000000026a000000)]
  0x0000014256224800 JavaThread "jar transforms" [_thread_blocked, id=4696, stack(0x0000000269c00000,0x0000000269d00000)]
  0x0000014256223000 JavaThread "jar transforms Thread 2" [_thread_blocked, id=5452, stack(0x000000026a100000,0x000000026a200000)]
  0x0000014256220800 JavaThread "jar transforms Thread 3" [_thread_blocked, id=20056, stack(0x000000026a300000,0x000000026a400000)]
  0x0000014256227000 JavaThread "jar transforms Thread 4" [_thread_blocked, id=13660, stack(0x000000026a400000,0x000000026a500000)]
  0x0000014256221000 JavaThread "Cache worker for dependencies-accessors (C:\Users\_dns_\source\repos\Android011\.gradle\7.5\dependencies-accessors)" [_thread_blocked, id=17564, stack(0x000000026a500000,0x000000026a600000)]
  0x0000014256227800 JavaThread "jar transforms Thread 5" [_thread_blocked, id=2016, stack(0x000000026a600000,0x000000026a700000)]
  0x0000014256222000 JavaThread "Cache worker for Build Output Cleanup Cache (C:\Users\_dns_\source\repos\Android011\.gradle\buildOutputCleanup)" [_thread_blocked, id=18396, stack(0x000000026a200000,0x000000026a300000)]
  0x000001425622c800 JavaThread "Unconstrained build operations" [_thread_blocked, id=9744, stack(0x000000026a700000,0x000000026a800000)]
  0x000001425622c000 JavaThread "Unconstrained build operations Thread 2" [_thread_blocked, id=16072, stack(0x000000026a900000,0x000000026aa00000)]
  0x000001425622d800 JavaThread "Unconstrained build operations Thread 3" [_thread_blocked, id=21820, stack(0x000000026aa00000,0x000000026ab00000)]
  0x000001425622a000 JavaThread "Unconstrained build operations Thread 4" [_thread_blocked, id=19092, stack(0x000000026ab00000,0x000000026ac00000)]
  0x0000014256228800 JavaThread "Unconstrained build operations Thread 5" [_thread_blocked, id=12520, stack(0x000000026ac00000,0x000000026ad00000)]
  0x0000014256229800 JavaThread "Unconstrained build operations Thread 6" [_thread_blocked, id=8456, stack(0x000000026ad00000,0x000000026ae00000)]
  0x000001425622b000 JavaThread "Unconstrained build operations Thread 7" [_thread_blocked, id=15944, stack(0x000000026ae00000,0x000000026af00000)]
  0x0000014257626800 JavaThread "Unconstrained build operations Thread 8" [_thread_blocked, id=21060, stack(0x000000026af00000,0x000000026b000000)]
  0x0000014257627800 JavaThread "Unconstrained build operations Thread 9" [_thread_blocked, id=13800, stack(0x000000026b000000,0x000000026b100000)]
  0x0000014257629000 JavaThread "Unconstrained build operations Thread 10" [_thread_blocked, id=6984, stack(0x000000026b100000,0x000000026b200000)]
  0x000001425762a000 JavaThread "Unconstrained build operations Thread 11" [_thread_blocked, id=14344, stack(0x000000026b200000,0x000000026b300000)]
  0x000001425762b000 JavaThread "Unconstrained build operations Thread 12" [_thread_blocked, id=22268, stack(0x000000026b300000,0x000000026b400000)]
  0x0000014257628800 JavaThread "Unconstrained build operations Thread 13" [_thread_blocked, id=2288, stack(0x000000026b400000,0x000000026b500000)]
  0x0000014257625000 JavaThread "Unconstrained build operations Thread 14" [_thread_blocked, id=13636, stack(0x000000026b500000,0x000000026b600000)]
  0x000001425762b800 JavaThread "Unconstrained build operations Thread 15" [_thread_blocked, id=19460, stack(0x000000026b600000,0x000000026b700000)]
  0x0000014257626000 JavaThread "Unconstrained build operations Thread 16" [_thread_blocked, id=3528, stack(0x000000026b700000,0x000000026b800000)]
  0x0000014257631800 JavaThread "Unconstrained build operations Thread 17" [_thread_blocked, id=23024, stack(0x000000026b800000,0x000000026b900000)]
  0x000001425762f000 JavaThread "Unconstrained build operations Thread 18" [_thread_blocked, id=13968, stack(0x000000026b900000,0x000000026ba00000)]
  0x000001425762f800 JavaThread "Unconstrained build operations Thread 19" [_thread_blocked, id=5652, stack(0x000000026ba00000,0x000000026bb00000)]
  0x000001425762d800 JavaThread "Unconstrained build operations Thread 20" [_thread_blocked, id=18880, stack(0x000000026bb00000,0x000000026bc00000)]
  0x0000014257630800 JavaThread "Unconstrained build operations Thread 21" [_thread_blocked, id=6108, stack(0x000000026bc00000,0x000000026bd00000)]
  0x0000014257632000 JavaThread "Unconstrained build operations Thread 22" [_thread_blocked, id=18124, stack(0x000000026bd00000,0x000000026be00000)]
  0x000001425762c800 JavaThread "Unconstrained build operations Thread 23" [_thread_blocked, id=15796, stack(0x000000026be00000,0x000000026bf00000)]
  0x000001425762e000 JavaThread "Unconstrained build operations Thread 24" [_thread_blocked, id=9620, stack(0x000000026bf00000,0x000000026c000000)]
  0x0000014257633000 JavaThread "Unconstrained build operations Thread 25" [_thread_blocked, id=12224, stack(0x000000026c000000,0x000000026c100000)]
  0x0000014257634000 JavaThread "Unconstrained build operations Thread 26" [_thread_blocked, id=13152, stack(0x000000026c100000,0x000000026c200000)]
  0x0000014255d18800 JavaThread "Unconstrained build operations Thread 27" [_thread_blocked, id=22956, stack(0x000000026c200000,0x000000026c300000)]
  0x0000014255d1c000 JavaThread "Unconstrained build operations Thread 28" [_thread_blocked, id=6024, stack(0x000000026c300000,0x000000026c400000)]
  0x0000014255d16000 JavaThread "Unconstrained build operations Thread 29" [_thread_blocked, id=16872, stack(0x000000026c400000,0x000000026c500000)]
  0x0000014255d1c800 JavaThread "Unconstrained build operations Thread 30" [_thread_blocked, id=17544, stack(0x000000026c500000,0x000000026c600000)]
  0x0000014255d17800 JavaThread "Unconstrained build operations Thread 31" [_thread_blocked, id=6792, stack(0x000000026c600000,0x000000026c700000)]
  0x0000014255d1a000 JavaThread "Unconstrained build operations Thread 32" [_thread_blocked, id=23088, stack(0x000000026c700000,0x000000026c800000)]
  0x0000014255d19800 JavaThread "Unconstrained build operations Thread 33" [_thread_blocked, id=13352, stack(0x000000026c800000,0x000000026c900000)]
  0x0000014255d1b000 JavaThread "Unconstrained build operations Thread 34" [_thread_blocked, id=7336, stack(0x000000026c900000,0x000000026ca00000)]
  0x0000014255d17000 JavaThread "Unconstrained build operations Thread 35" [_thread_blocked, id=22472, stack(0x000000026ca00000,0x000000026cb00000)]
  0x0000014255d20000 JavaThread "Unconstrained build operations Thread 36" [_thread_blocked, id=4596, stack(0x000000026cb00000,0x000000026cc00000)]
  0x0000014255d1f000 JavaThread "Unconstrained build operations Thread 37" [_thread_blocked, id=22968, stack(0x000000026cc00000,0x000000026cd00000)]
  0x0000014255d20800 JavaThread "Unconstrained build operations Thread 38" [_thread_blocked, id=16076, stack(0x000000026cd00000,0x000000026ce00000)]
  0x0000014255d21800 JavaThread "Unconstrained build operations Thread 39" [_thread_blocked, id=6032, stack(0x000000026ce00000,0x000000026cf00000)]
  0x0000014255d1e000 JavaThread "Unconstrained build operations Thread 40" [_thread_blocked, id=8184, stack(0x000000026cf00000,0x000000026d000000)]
  0x0000014255d23000 JavaThread "Unconstrained build operations Thread 41" [_thread_blocked, id=4936, stack(0x000000026d000000,0x000000026d100000)]
  0x0000014255d22800 JavaThread "Unconstrained build operations Thread 42" [_thread_blocked, id=17660, stack(0x000000026d100000,0x000000026d200000)]
  0x0000014255d1d800 JavaThread "Unconstrained build operations Thread 43" [_thread_blocked, id=10296, stack(0x000000026d200000,0x000000026d300000)]
  0x0000014255d24000 JavaThread "Unconstrained build operations Thread 44" [_thread_blocked, id=3700, stack(0x000000026d300000,0x000000026d400000)]
  0x0000014255d25000 JavaThread "Unconstrained build operations Thread 45" [_thread_blocked, id=16504, stack(0x000000026d400000,0x000000026d500000)]
  0x0000014257b71800 JavaThread "Unconstrained build operations Thread 46" [_thread_blocked, id=18952, stack(0x000000026d500000,0x000000026d600000)]
  0x0000014257b70000 JavaThread "Unconstrained build operations Thread 47" [_thread_blocked, id=22036, stack(0x000000026d600000,0x000000026d700000)]
  0x0000014257b76800 JavaThread "Unconstrained build operations Thread 48" [_thread_blocked, id=21972, stack(0x000000026d700000,0x000000026d800000)]
  0x0000014257b72800 JavaThread "Unconstrained build operations Thread 49" [_thread_blocked, id=21092, stack(0x000000026d800000,0x000000026d900000)]
  0x0000014257b73800 JavaThread "Unconstrained build operations Thread 50" [_thread_blocked, id=17636, stack(0x000000026d900000,0x000000026da00000)]
  0x0000014257b74000 JavaThread "Unconstrained build operations Thread 51" [_thread_blocked, id=3992, stack(0x000000026da00000,0x000000026db00000)]
  0x0000014257b75000 JavaThread "Unconstrained build operations Thread 52" [_thread_blocked, id=17772, stack(0x000000026db00000,0x000000026dc00000)]
  0x0000014257b76000 JavaThread "Unconstrained build operations Thread 53" [_thread_blocked, id=13372, stack(0x000000026dc00000,0x000000026dd00000)]
  0x0000014257b71000 JavaThread "Unconstrained build operations Thread 54" [_thread_blocked, id=1840, stack(0x000000026dd00000,0x000000026de00000)]
  0x0000014257b78800 JavaThread "Unconstrained build operations Thread 55" [_thread_blocked, id=22412, stack(0x000000026de00000,0x000000026df00000)]
  0x0000014257b7a800 JavaThread "Unconstrained build operations Thread 56" [_thread_blocked, id=1868, stack(0x000000026df00000,0x000000026e000000)]
  0x0000014257b77800 JavaThread "Unconstrained build operations Thread 57" [_thread_blocked, id=14976, stack(0x000000026e000000,0x000000026e100000)]
  0x0000014257b7b800 JavaThread "Unconstrained build operations Thread 58" [_thread_blocked, id=20988, stack(0x000000026e100000,0x000000026e200000)]
  0x0000014257b7c800 JavaThread "Unconstrained build operations Thread 59" [_thread_blocked, id=17496, stack(0x000000026e200000,0x000000026e300000)]
  0x0000014257b7e000 JavaThread "Unconstrained build operations Thread 60" [_thread_blocked, id=20156, stack(0x000000026e300000,0x000000026e400000)]
  0x0000014257b7f000 JavaThread "Unconstrained build operations Thread 61" [_thread_blocked, id=22556, stack(0x000000026e400000,0x000000026e500000)]
  0x0000014257b79000 JavaThread "Unconstrained build operations Thread 62" [_thread_blocked, id=23176, stack(0x000000026e500000,0x000000026e600000)]
  0x0000014257b7d000 JavaThread "Unconstrained build operations Thread 63" [_thread_blocked, id=20928, stack(0x000000026e600000,0x000000026e700000)]
  0x0000014257b7a000 JavaThread "Unconstrained build operations Thread 64" [_thread_blocked, id=14580, stack(0x000000026e700000,0x000000026e800000)]
  0x0000014256195800 JavaThread "Unconstrained build operations Thread 65" [_thread_blocked, id=15800, stack(0x000000026e800000,0x000000026e900000)]
  0x0000014256191800 JavaThread "Unconstrained build operations Thread 66" [_thread_blocked, id=21084, stack(0x000000026e900000,0x000000026ea00000)]
  0x0000014256190800 JavaThread "Unconstrained build operations Thread 67" [_thread_blocked, id=6624, stack(0x000000026ea00000,0x000000026eb00000)]
  0x0000014256196000 JavaThread "Unconstrained build operations Thread 68" [_thread_blocked, id=16172, stack(0x000000026eb00000,0x000000026ec00000)]
  0x0000014256194800 JavaThread "Unconstrained build operations Thread 69" [_thread_blocked, id=5340, stack(0x000000026ec00000,0x000000026ed00000)]
  0x0000014256192000 JavaThread "Unconstrained build operations Thread 70" [_thread_blocked, id=340, stack(0x000000026ed00000,0x000000026ee00000)]
  0x0000014256197000 JavaThread "Unconstrained build operations Thread 71" [_thread_blocked, id=3108, stack(0x000000026ee00000,0x000000026ef00000)]
  0x0000014256198000 JavaThread "Unconstrained build operations Thread 72" [_thread_blocked, id=18416, stack(0x000000026ef00000,0x000000026f000000)]
  0x0000014256198800 JavaThread "Unconstrained build operations Thread 73" [_thread_blocked, id=14200, stack(0x000000026f000000,0x000000026f100000)]
  0x0000014256193000 JavaThread "Unconstrained build operations Thread 74" [_thread_blocked, id=11564, stack(0x000000026f100000,0x000000026f200000)]
  0x0000014256199800 JavaThread "Unconstrained build operations Thread 75" [_thread_blocked, id=16152, stack(0x000000026f200000,0x000000026f300000)]
  0x0000014256193800 JavaThread "Unconstrained build operations Thread 76" [_thread_blocked, id=9812, stack(0x000000026f300000,0x000000026f400000)]
  0x000001425619f000 JavaThread "Unconstrained build operations Thread 77" [_thread_blocked, id=4028, stack(0x000000026f400000,0x000000026f500000)]
  0x000001425619c000 JavaThread "Unconstrained build operations Thread 78" [_thread_blocked, id=22668, stack(0x000000026f500000,0x000000026f600000)]
  0x000001425619a800 JavaThread "Unconstrained build operations Thread 79" [_thread_blocked, id=23052, stack(0x000000026f600000,0x000000026f700000)]
  0x000001425619b000 JavaThread "Unconstrained build operations Thread 80" [_thread_blocked, id=22032, stack(0x000000026f700000,0x000000026f800000)]
  0x000001425619c800 JavaThread "jar transforms Thread 6" [_thread_blocked, id=7992, stack(0x000000026f900000,0x000000026fa00000)]
  0x000001425619d800 JavaThread "jar transforms Thread 7" [_thread_blocked, id=23284, stack(0x000000026fa00000,0x000000026fb00000)]
  0x000001425619e800 JavaThread "jar transforms Thread 8" [_thread_blocked, id=6672, stack(0x000000026fb00000,0x000000026fc00000)]
  0x000001425ada4800 JavaThread "C2 CompilerThread1" daemon [_thread_in_native, id=16744, stack(0x000000026a000000,0x000000026a100000)]
  0x0000014255d54800 JavaThread "build event listener" [_thread_blocked, id=22920, stack(0x000000026f800000,0x000000026f900000)]
=>0x000001425676d800 JavaThread "C2 CompilerThread2" daemon [_thread_in_native, id=15664, stack(0x000000026fc00000,0x000000026fd00000)]
  0x0000014255d53800 JavaThread "Memory manager" [_thread_blocked, id=7112, stack(0x000000026fd00000,0x000000026fe00000)]

Other Threads:
  0x0000014253bf3800 VMThread "VM Thread" [stack: 0x0000000267700000,0x0000000267800000] [id=19008]
  0x0000014253df9800 WatcherThread [stack: 0x0000000268100000,0x0000000268200000] [id=15536]
  0x0000014238ef2000 GCTaskThread "GC Thread#0" [stack: 0x0000000267200000,0x0000000267300000] [id=7872]
  0x000001425411f800 GCTaskThread "GC Thread#1" [stack: 0x0000000268300000,0x0000000268400000] [id=4640]
  0x0000014254c84800 GCTaskThread "GC Thread#2" [stack: 0x0000000268400000,0x0000000268500000] [id=740]
  0x0000014254c95000 GCTaskThread "GC Thread#3" [stack: 0x0000000268500000,0x0000000268600000] [id=3516]
  0x000001425512a800 GCTaskThread "GC Thread#4" [stack: 0x0000000268600000,0x0000000268700000] [id=1908]
  0x0000014254b64800 GCTaskThread "GC Thread#5" [stack: 0x0000000268700000,0x0000000268800000] [id=10504]
  0x0000014255cf2000 GCTaskThread "GC Thread#6" [stack: 0x0000000269400000,0x0000000269500000] [id=8596]
  0x00000142544a6800 GCTaskThread "GC Thread#7" [stack: 0x0000000269500000,0x0000000269600000] [id=16484]
  0x0000014238f24000 ConcurrentGCThread "G1 Main Marker" [stack: 0x0000000267300000,0x0000000267400000] [id=10300]
  0x0000014238f25000 ConcurrentGCThread "G1 Conc#0" [stack: 0x0000000267400000,0x0000000267500000] [id=19192]
  0x0000014254360000 ConcurrentGCThread "G1 Conc#1" [stack: 0x0000000269600000,0x0000000269700000] [id=5840]
  0x0000014253245000 ConcurrentGCThread "G1 Refine#0" [stack: 0x0000000267500000,0x0000000267600000] [id=14008]
  0x0000014253246000 ConcurrentGCThread "G1 Young RemSet Sampling" [stack: 0x0000000267600000,0x0000000267700000] [id=14280]

Threads with active compile tasks:
C2 CompilerThread0    47814 8492       4       java.beans.Introspector::addMethod (196 bytes)
C1 CompilerThread0    47814 8657   !   2       com.google.protobuf.Descriptors$FieldDescriptor::crossLink (1320 bytes)
C2 CompilerThread1    47814 8554   !   4       java.lang.reflect.Executable::sharedToGenericString (321 bytes)
C2 CompilerThread2    47814 8446       4       groovy.lang.MetaClassImpl$1MOPIter::methodNameAction (325 bytes)

VM state:not at safepoint (normal execution)

VM Mutex/Monitor currently owned by a thread: None

Heap address: 0x0000000080000000, size: 2048 MB, Compressed Oops mode: 32-bit
Narrow klass base: 0x0000000000000000, Narrow klass shift: 3
Compressed class space size: 1073741824 Address: 0x0000000100000000

Heap:
 garbage-first heap   total 258048K, used 108311K [0x0000000080000000, 0x0000000100000000)
  region size 1024K, 58 young (59392K), 17 survivors (17408K)
 Metaspace       used 87117K, capacity 89174K, committed 89256K, reserved 1126400K
  class space    used 11301K, capacity 12078K, committed 12132K, reserved 1048576K
Heap Regions: E=young(eden), S=young(survivor), O=old, HS=humongous(starts), HC=humongous(continues), CS=collection set, F=free, A=archive, TAMS=top-at-mark-start (previous, next)
|   0|0x0000000080000000, 0x0000000080100000, 0x0000000080100000|100%| O|  |TAMS 0x0000000080100000, 0x0000000080000000| Untracked 
|   1|0x0000000080100000, 0x0000000080200000, 0x0000000080200000|100%| O|  |TAMS 0x0000000080200000, 0x0000000080100000| Untracked 
|   2|0x0000000080200000, 0x0000000080300000, 0x0000000080300000|100%| O|  |TAMS 0x0000000080300000, 0x0000000080200000| Untracked 
|   3|0x0000000080300000, 0x0000000080400000, 0x0000000080400000|100%|HS|  |TAMS 0x0000000080400000, 0x0000000080300000| Complete 
|   4|0x0000000080400000, 0x0000000080500000, 0x0000000080500000|100%|HC|  |TAMS 0x0000000080500000, 0x0000000080400000| Complete 
|   5|0x0000000080500000, 0x0000000080600000, 0x0000000080600000|100%|HC|  |TAMS 0x0000000080600000, 0x0000000080500000| Complete 
|   6|0x0000000080600000, 0x0000000080700000, 0x0000000080700000|100%| O|  |TAMS 0x0000000080700000, 0x0000000080600000| Untracked 
|   7|0x0000000080700000, 0x0000000080800000, 0x0000000080800000|100%| O|  |TAMS 0x0000000080800000, 0x0000000080700000| Untracked 
|   8|0x0000000080800000, 0x0000000080900000, 0x0000000080900000|100%| O|  |TAMS 0x0000000080900000, 0x0000000080800000| Untracked 
|   9|0x0000000080900000, 0x0000000080a00000, 0x0000000080a00000|100%| O|  |TAMS 0x0000000080a00000, 0x0000000080900000| Untracked 
|  10|0x0000000080a00000, 0x0000000080b00000, 0x0000000080b00000|100%| O|  |TAMS 0x0000000080b00000, 0x0000000080a00000| Untracked 
|  11|0x0000000080b00000, 0x0000000080c00000, 0x0000000080c00000|100%| O|  |TAMS 0x0000000080c00000, 0x0000000080b00000| Untracked 
|  12|0x0000000080c00000, 0x0000000080d00000, 0x0000000080d00000|100%| O|  |TAMS 0x0000000080d00000, 0x0000000080c00000| Untracked 
|  13|0x0000000080d00000, 0x0000000080e00000, 0x0000000080e00000|100%| O|  |TAMS 0x0000000080e00000, 0x0000000080d00000| Untracked 
|  14|0x0000000080e00000, 0x0000000080f00000, 0x0000000080f00000|100%| O|  |TAMS 0x0000000080f00000, 0x0000000080e00000| Untracked 
|  15|0x0000000080f00000, 0x0000000081000000, 0x0000000081000000|100%| O|  |TAMS 0x0000000081000000, 0x0000000080f00000| Untracked 
|  16|0x0000000081000000, 0x0000000081100000, 0x0000000081100000|100%| O|  |TAMS 0x0000000081100000, 0x0000000081000000| Untracked 
|  17|0x0000000081100000, 0x0000000081200000, 0x0000000081200000|100%|HS|  |TAMS 0x0000000081200000, 0x0000000081100000| Complete 
|  18|0x0000000081200000, 0x0000000081300000, 0x0000000081300000|100%|HS|  |TAMS 0x0000000081300000, 0x0000000081200000| Complete 
|  19|0x0000000081300000, 0x0000000081400000, 0x0000000081400000|100%| O|  |TAMS 0x0000000081300000, 0x0000000081300000| Untracked 
|  20|0x0000000081400000, 0x0000000081500000, 0x0000000081500000|100%| O|  |TAMS 0x0000000081500000, 0x0000000081400000| Untracked 
|  21|0x0000000081500000, 0x0000000081600000, 0x0000000081600000|100%| O|  |TAMS 0x0000000081600000, 0x0000000081500000| Untracked 
|  22|0x0000000081600000, 0x0000000081700000, 0x0000000081700000|100%| O|  |TAMS 0x0000000081700000, 0x0000000081600000| Untracked 
|  23|0x0000000081700000, 0x0000000081800000, 0x0000000081800000|100%| O|  |TAMS 0x0000000081800000, 0x0000000081700000| Untracked 
|  24|0x0000000081800000, 0x0000000081900000, 0x0000000081900000|100%| O|  |TAMS 0x0000000081900000, 0x0000000081800000| Untracked 
|  25|0x0000000081900000, 0x0000000081a00000, 0x0000000081a00000|100%| O|  |TAMS 0x0000000081900000, 0x0000000081900000| Untracked 
|  26|0x0000000081a00000, 0x0000000081b00000, 0x0000000081b00000|100%| O|  |TAMS 0x0000000081a00000, 0x0000000081a00000| Untracked 
|  27|0x0000000081b00000, 0x0000000081c00000, 0x0000000081c00000|100%| O|  |TAMS 0x0000000081b00000, 0x0000000081b00000| Untracked 
|  28|0x0000000081c00000, 0x0000000081d00000, 0x0000000081d00000|100%| O|  |TAMS 0x0000000081c00000, 0x0000000081c00000| Untracked 
|  29|0x0000000081d00000, 0x0000000081e00000, 0x0000000081e00000|100%| O|  |TAMS 0x0000000081d00000, 0x0000000081d00000| Untracked 
|  30|0x0000000081e00000, 0x0000000081f00000, 0x0000000081f00000|100%| O|  |TAMS 0x0000000081e00000, 0x0000000081e00000| Untracked 
|  31|0x0000000081f00000, 0x0000000082000000, 0x0000000082000000|100%| O|  |TAMS 0x0000000082000000, 0x0000000081f00000| Untracked 
|  32|0x0000000082000000, 0x0000000082100000, 0x0000000082100000|100%| O|  |TAMS 0x0000000082100000, 0x0000000082000000| Untracked 
|  33|0x0000000082100000, 0x0000000082200000, 0x0000000082200000|100%| O|  |TAMS 0x0000000082200000, 0x0000000082100000| Untracked 
|  34|0x0000000082200000, 0x0000000082300000, 0x0000000082300000|100%| O|  |TAMS 0x0000000082300000, 0x0000000082200000| Untracked 
|  35|0x0000000082300000, 0x0000000082400000, 0x0000000082400000|100%| O|  |TAMS 0x0000000082400000, 0x0000000082300000| Untracked 
|  36|0x0000000082400000, 0x0000000082500000, 0x0000000082500000|100%| O|  |TAMS 0x0000000082500000, 0x0000000082400000| Untracked 
|  37|0x0000000082500000, 0x0000000082600000, 0x0000000082600000|100%| O|  |TAMS 0x0000000082600000, 0x0000000082500000| Untracked 
|  38|0x0000000082600000, 0x0000000082700000, 0x0000000082700000|100%| O|  |TAMS 0x0000000082700000, 0x0000000082600000| Untracked 
|  39|0x0000000082700000, 0x0000000082800000, 0x0000000082800000|100%| O|  |TAMS 0x0000000082800000, 0x0000000082700000| Untracked 
|  40|0x0000000082800000, 0x0000000082900000, 0x0000000082900000|100%| O|  |TAMS 0x0000000082900000, 0x0000000082800000| Untracked 
|  41|0x0000000082900000, 0x0000000082a00000, 0x0000000082a00000|100%| O|  |TAMS 0x0000000082a00000, 0x0000000082900000| Untracked 
|  42|0x0000000082a00000, 0x0000000082b00000, 0x0000000082b00000|100%| O|  |TAMS 0x0000000082b00000, 0x0000000082a00000| Untracked 
|  43|0x0000000082b00000, 0x0000000082c00000, 0x0000000082c00000|100%| O|  |TAMS 0x0000000082c00000, 0x0000000082b00000| Untracked 
|  44|0x0000000082c00000, 0x0000000082d00000, 0x0000000082d00000|100%| O|  |TAMS 0x0000000082d00000, 0x0000000082c00000| Untracked 
|  45|0x0000000082d00000, 0x0000000082e00000, 0x0000000082e00000|100%| O|  |TAMS 0x0000000082e00000, 0x0000000082d00000| Untracked 
|  46|0x0000000082e00000, 0x0000000082f00000, 0x0000000082f00000|100%| O|  |TAMS 0x0000000082f00000, 0x0000000082e00000| Untracked 
|  47|0x0000000082f00000, 0x0000000083000000, 0x0000000083000000|100%| O|  |TAMS 0x0000000083000000, 0x0000000082f00000| Untracked 
|  48|0x0000000083000000, 0x0000000083100000, 0x0000000083100000|100%| O|  |TAMS 0x00000000830bdc00, 0x0000000083000000| Untracked 
|  49|0x0000000083100000, 0x0000000083200000, 0x0000000083200000|100%| O|  |TAMS 0x0000000083100000, 0x0000000083100000| Untracked 
|  50|0x0000000083200000, 0x0000000083223e00, 0x0000000083300000| 14%| O|  |TAMS 0x0000000083200000, 0x0000000083200000| Untracked 
|  51|0x0000000083300000, 0x0000000083300000, 0x0000000083400000|  0%| F|  |TAMS 0x0000000083300000, 0x0000000083300000| Untracked 
|  52|0x0000000083400000, 0x0000000083400000, 0x0000000083500000|  0%| F|  |TAMS 0x0000000083400000, 0x0000000083400000| Untracked 
|  53|0x0000000083500000, 0x0000000083500000, 0x0000000083600000|  0%| F|  |TAMS 0x0000000083500000, 0x0000000083500000| Untracked 
|  54|0x0000000083600000, 0x0000000083600000, 0x0000000083700000|  0%| F|  |TAMS 0x0000000083600000, 0x0000000083600000| Untracked 
|  55|0x0000000083700000, 0x0000000083700000, 0x0000000083800000|  0%| F|  |TAMS 0x0000000083700000, 0x0000000083700000| Untracked 
|  56|0x0000000083800000, 0x0000000083800000, 0x0000000083900000|  0%| F|  |TAMS 0x0000000083800000, 0x0000000083800000| Untracked 
|  57|0x0000000083900000, 0x0000000083900000, 0x0000000083a00000|  0%| F|  |TAMS 0x0000000083900000, 0x0000000083900000| Untracked 
|  58|0x0000000083a00000, 0x0000000083a00000, 0x0000000083b00000|  0%| F|  |TAMS 0x0000000083a00000, 0x0000000083a00000| Untracked 
|  59|0x0000000083b00000, 0x0000000083b00000, 0x0000000083c00000|  0%| F|  |TAMS 0x0000000083b00000, 0x0000000083b00000| Untracked 
|  60|0x0000000083c00000, 0x0000000083c00000, 0x0000000083d00000|  0%| F|  |TAMS 0x0000000083c00000, 0x0000000083c00000| Untracked 
|  61|0x0000000083d00000, 0x0000000083d00000, 0x0000000083e00000|  0%| F|  |TAMS 0x0000000083d00000, 0x0000000083d00000| Untracked 
|  62|0x0000000083e00000, 0x0000000083e00000, 0x0000000083f00000|  0%| F|  |TAMS 0x0000000083e00000, 0x0000000083e00000| Untracked 
|  63|0x0000000083f00000, 0x0000000083f00000, 0x0000000084000000|  0%| F|  |TAMS 0x0000000083f00000, 0x0000000083f00000| Untracked 
|  64|0x0000000084000000, 0x0000000084000000, 0x0000000084100000|  0%| F|  |TAMS 0x0000000084000000, 0x0000000084000000| Untracked 
|  65|0x0000000084100000, 0x0000000084100000, 0x0000000084200000|  0%| F|  |TAMS 0x0000000084100000, 0x0000000084100000| Untracked 
|  66|0x0000000084200000, 0x0000000084200000, 0x0000000084300000|  0%| F|  |TAMS 0x0000000084200000, 0x0000000084200000| Untracked 
|  67|0x0000000084300000, 0x0000000084300000, 0x0000000084400000|  0%| F|  |TAMS 0x0000000084300000, 0x0000000084300000| Untracked 
|  68|0x0000000084400000, 0x0000000084400000, 0x0000000084500000|  0%| F|  |TAMS 0x0000000084400000, 0x0000000084400000| Untracked 
|  69|0x0000000084500000, 0x0000000084500000, 0x0000000084600000|  0%| F|  |TAMS 0x0000000084500000, 0x0000000084500000| Untracked 
|  70|0x0000000084600000, 0x0000000084600000, 0x0000000084700000|  0%| F|  |TAMS 0x0000000084600000, 0x0000000084600000| Untracked 
|  71|0x0000000084700000, 0x0000000084700000, 0x0000000084800000|  0%| F|  |TAMS 0x0000000084700000, 0x0000000084700000| Untracked 
|  72|0x0000000084800000, 0x0000000084800000, 0x0000000084900000|  0%| F|  |TAMS 0x0000000084800000, 0x0000000084800000| Untracked 
|  73|0x0000000084900000, 0x0000000084900000, 0x0000000084a00000|  0%| F|  |TAMS 0x0000000084900000, 0x0000000084900000| Untracked 
|  74|0x0000000084a00000, 0x0000000084a00000, 0x0000000084b00000|  0%| F|  |TAMS 0x0000000084a00000, 0x0000000084a00000| Untracked 
|  75|0x0000000084b00000, 0x0000000084b00000, 0x0000000084c00000|  0%| F|  |TAMS 0x0000000084b00000, 0x0000000084b00000| Untracked 
|  76|0x0000000084c00000, 0x0000000084c00000, 0x0000000084d00000|  0%| F|  |TAMS 0x0000000084c00000, 0x0000000084c00000| Untracked 
|  77|0x0000000084d00000, 0x0000000084d00000, 0x0000000084e00000|  0%| F|  |TAMS 0x0000000084d00000, 0x0000000084d00000| Untracked 
|  78|0x0000000084e00000, 0x0000000084e00000, 0x0000000084f00000|  0%| F|  |TAMS 0x0000000084e00000, 0x0000000084e00000| Untracked 
|  79|0x0000000084f00000, 0x0000000084f00000, 0x0000000085000000|  0%| F|  |TAMS 0x0000000084f00000, 0x0000000084f00000| Untracked 
|  80|0x0000000085000000, 0x0000000085000000, 0x0000000085100000|  0%| F|  |TAMS 0x0000000085000000, 0x0000000085000000| Untracked 
|  81|0x0000000085100000, 0x0000000085100000, 0x0000000085200000|  0%| F|  |TAMS 0x0000000085100000, 0x0000000085100000| Untracked 
|  82|0x0000000085200000, 0x0000000085200000, 0x0000000085300000|  0%| F|  |TAMS 0x0000000085200000, 0x0000000085200000| Untracked 
|  83|0x0000000085300000, 0x0000000085300000, 0x0000000085400000|  0%| F|  |TAMS 0x0000000085300000, 0x0000000085300000| Untracked 
|  84|0x0000000085400000, 0x0000000085400000, 0x0000000085500000|  0%| F|  |TAMS 0x0000000085400000, 0x0000000085400000| Untracked 
|  85|0x0000000085500000, 0x0000000085500000, 0x0000000085600000|  0%| F|  |TAMS 0x0000000085500000, 0x0000000085500000| Untracked 
|  86|0x0000000085600000, 0x0000000085600000, 0x0000000085700000|  0%| F|  |TAMS 0x0000000085600000, 0x0000000085600000| Untracked 
|  87|0x0000000085700000, 0x0000000085700000, 0x0000000085800000|  0%| F|  |TAMS 0x0000000085700000, 0x0000000085700000| Untracked 
|  88|0x0000000085800000, 0x0000000085800000, 0x0000000085900000|  0%| F|  |TAMS 0x0000000085800000, 0x0000000085800000| Untracked 
|  89|0x0000000085900000, 0x0000000085900000, 0x0000000085a00000|  0%| F|  |TAMS 0x0000000085900000, 0x0000000085900000| Untracked 
|  90|0x0000000085a00000, 0x0000000085aa1e90, 0x0000000085b00000| 63%| S|CS|TAMS 0x0000000085a00000, 0x0000000085a00000| Complete 
|  91|0x0000000085b00000, 0x0000000085c00000, 0x0000000085c00000|100%| S|CS|TAMS 0x0000000085b00000, 0x0000000085b00000| Complete 
|  92|0x0000000085c00000, 0x0000000085d00000, 0x0000000085d00000|100%| S|CS|TAMS 0x0000000085c00000, 0x0000000085c00000| Complete 
|  93|0x0000000085d00000, 0x0000000085e00000, 0x0000000085e00000|100%| S|CS|TAMS 0x0000000085d00000, 0x0000000085d00000| Complete 
|  94|0x0000000085e00000, 0x0000000085f00000, 0x0000000085f00000|100%| S|CS|TAMS 0x0000000085e00000, 0x0000000085e00000| Complete 
|  95|0x0000000085f00000, 0x0000000086000000, 0x0000000086000000|100%| S|CS|TAMS 0x0000000085f00000, 0x0000000085f00000| Complete 
|  96|0x0000000086000000, 0x0000000086100000, 0x0000000086100000|100%| S|CS|TAMS 0x0000000086000000, 0x0000000086000000| Complete 
|  97|0x0000000086100000, 0x0000000086200000, 0x0000000086200000|100%| S|CS|TAMS 0x0000000086100000, 0x0000000086100000| Complete 
|  98|0x0000000086200000, 0x0000000086300000, 0x0000000086300000|100%| S|CS|TAMS 0x0000000086200000, 0x0000000086200000| Complete 
|  99|0x0000000086300000, 0x0000000086400000, 0x0000000086400000|100%| S|CS|TAMS 0x0000000086300000, 0x0000000086300000| Complete 
| 100|0x0000000086400000, 0x0000000086500000, 0x0000000086500000|100%| S|CS|TAMS 0x0000000086400000, 0x0000000086400000| Complete 
| 101|0x0000000086500000, 0x0000000086600000, 0x0000000086600000|100%| S|CS|TAMS 0x0000000086500000, 0x0000000086500000| Complete 
| 102|0x0000000086600000, 0x0000000086700000, 0x0000000086700000|100%| S|CS|TAMS 0x0000000086600000, 0x0000000086600000| Complete 
| 103|0x0000000086700000, 0x0000000086800000, 0x0000000086800000|100%| S|CS|TAMS 0x0000000086700000, 0x0000000086700000| Complete 
| 104|0x0000000086800000, 0x0000000086900000, 0x0000000086900000|100%| S|CS|TAMS 0x0000000086800000, 0x0000000086800000| Complete 
| 105|0x0000000086900000, 0x0000000086a00000, 0x0000000086a00000|100%| S|CS|TAMS 0x0000000086900000, 0x0000000086900000| Complete 
| 106|0x0000000086a00000, 0x0000000086b00000, 0x0000000086b00000|100%| S|CS|TAMS 0x0000000086a00000, 0x0000000086a00000| Complete 
| 107|0x0000000086b00000, 0x0000000086b00000, 0x0000000086c00000|  0%| F|  |TAMS 0x0000000086b00000, 0x0000000086b00000| Untracked 
| 108|0x0000000086c00000, 0x0000000086c00000, 0x0000000086d00000|  0%| F|  |TAMS 0x0000000086c00000, 0x0000000086c00000| Untracked 
| 109|0x0000000086d00000, 0x0000000086d00000, 0x0000000086e00000|  0%| F|  |TAMS 0x0000000086d00000, 0x0000000086d00000| Untracked 
| 110|0x0000000086e00000, 0x0000000086e00000, 0x0000000086f00000|  0%| F|  |TAMS 0x0000000086e00000, 0x0000000086e00000| Untracked 
| 111|0x0000000086f00000, 0x0000000086f00000, 0x0000000087000000|  0%| F|  |TAMS 0x0000000086f00000, 0x0000000086f00000| Untracked 
| 112|0x0000000087000000, 0x0000000087000000, 0x0000000087100000|  0%| F|  |TAMS 0x0000000087000000, 0x0000000087000000| Untracked 
| 113|0x0000000087100000, 0x0000000087100000, 0x0000000087200000|  0%| F|  |TAMS 0x0000000087100000, 0x0000000087100000| Untracked 
| 114|0x0000000087200000, 0x0000000087200000, 0x0000000087300000|  0%| F|  |TAMS 0x0000000087200000, 0x0000000087200000| Untracked 
| 115|0x0000000087300000, 0x0000000087300000, 0x0000000087400000|  0%| F|  |TAMS 0x0000000087300000, 0x0000000087300000| Untracked 
| 116|0x0000000087400000, 0x0000000087400000, 0x0000000087500000|  0%| F|  |TAMS 0x0000000087400000, 0x0000000087400000| Untracked 
| 117|0x0000000087500000, 0x0000000087500000, 0x0000000087600000|  0%| F|  |TAMS 0x0000000087500000, 0x0000000087500000| Untracked 
| 118|0x0000000087600000, 0x0000000087600000, 0x0000000087700000|  0%| F|  |TAMS 0x0000000087600000, 0x0000000087600000| Untracked 
| 119|0x0000000087700000, 0x0000000087700000, 0x0000000087800000|  0%| F|  |TAMS 0x0000000087700000, 0x0000000087700000| Untracked 
| 120|0x0000000087800000, 0x0000000087800000, 0x0000000087900000|  0%| F|  |TAMS 0x0000000087800000, 0x0000000087800000| Untracked 
| 121|0x0000000087900000, 0x0000000087900000, 0x0000000087a00000|  0%| F|  |TAMS 0x0000000087900000, 0x0000000087900000| Untracked 
| 122|0x0000000087a00000, 0x0000000087a00000, 0x0000000087b00000|  0%| F|  |TAMS 0x0000000087a00000, 0x0000000087a00000| Untracked 
| 123|0x0000000087b00000, 0x0000000087b00000, 0x0000000087c00000|  0%| F|  |TAMS 0x0000000087b00000, 0x0000000087b00000| Untracked 
| 124|0x0000000087c00000, 0x0000000087c00000, 0x0000000087d00000|  0%| F|  |TAMS 0x0000000087c00000, 0x0000000087c00000| Untracked 
| 125|0x0000000087d00000, 0x0000000087d00000, 0x0000000087e00000|  0%| F|  |TAMS 0x0000000087d00000, 0x0000000087d00000| Untracked 
| 126|0x0000000087e00000, 0x0000000087e00000, 0x0000000087f00000|  0%| F|  |TAMS 0x0000000087e00000, 0x0000000087e00000| Untracked 
| 127|0x0000000087f00000, 0x0000000087f00000, 0x0000000088000000|  0%| F|  |TAMS 0x0000000087f00000, 0x0000000087f00000| Untracked 
| 128|0x0000000088000000, 0x0000000088000000, 0x0000000088100000|  0%| F|  |TAMS 0x0000000088000000, 0x0000000088000000| Untracked 
| 129|0x0000000088100000, 0x0000000088100000, 0x0000000088200000|  0%| F|  |TAMS 0x0000000088100000, 0x0000000088100000| Untracked 
| 130|0x0000000088200000, 0x0000000088200000, 0x0000000088300000|  0%| F|  |TAMS 0x0000000088200000, 0x0000000088200000| Untracked 
| 131|0x0000000088300000, 0x0000000088300000, 0x0000000088400000|  0%| F|  |TAMS 0x0000000088300000, 0x0000000088300000| Untracked 
| 132|0x0000000088400000, 0x0000000088400000, 0x0000000088500000|  0%| F|  |TAMS 0x0000000088400000, 0x0000000088400000| Untracked 
| 133|0x0000000088500000, 0x0000000088500000, 0x0000000088600000|  0%| F|  |TAMS 0x0000000088500000, 0x0000000088500000| Untracked 
| 134|0x0000000088600000, 0x0000000088600000, 0x0000000088700000|  0%| F|  |TAMS 0x0000000088600000, 0x0000000088600000| Untracked 
| 135|0x0000000088700000, 0x0000000088700000, 0x0000000088800000|  0%| F|  |TAMS 0x0000000088700000, 0x0000000088700000| Untracked 
| 136|0x0000000088800000, 0x0000000088800000, 0x0000000088900000|  0%| F|  |TAMS 0x0000000088800000, 0x0000000088800000| Untracked 
| 137|0x0000000088900000, 0x0000000088900000, 0x0000000088a00000|  0%| F|  |TAMS 0x0000000088900000, 0x0000000088900000| Untracked 
| 138|0x0000000088a00000, 0x0000000088a00000, 0x0000000088b00000|  0%| F|  |TAMS 0x0000000088a00000, 0x0000000088a00000| Untracked 
| 139|0x0000000088b00000, 0x0000000088b00000, 0x0000000088c00000|  0%| F|  |TAMS 0x0000000088b00000, 0x0000000088b00000| Untracked 
| 140|0x0000000088c00000, 0x0000000088c00000, 0x0000000088d00000|  0%| F|  |TAMS 0x0000000088c00000, 0x0000000088c00000| Untracked 
| 141|0x0000000088d00000, 0x0000000088d00000, 0x0000000088e00000|  0%| F|  |TAMS 0x0000000088d00000, 0x0000000088d00000| Untracked 
| 142|0x0000000088e00000, 0x0000000088e00000, 0x0000000088f00000|  0%| F|  |TAMS 0x0000000088e00000, 0x0000000088e00000| Untracked 
| 143|0x0000000088f00000, 0x0000000088f00000, 0x0000000089000000|  0%| F|  |TAMS 0x0000000088f00000, 0x0000000088f00000| Untracked 
| 144|0x0000000089000000, 0x0000000089000000, 0x0000000089100000|  0%| F|  |TAMS 0x0000000089000000, 0x0000000089000000| Untracked 
| 145|0x0000000089100000, 0x0000000089100000, 0x0000000089200000|  0%| F|  |TAMS 0x0000000089100000, 0x0000000089100000| Untracked 
| 146|0x0000000089200000, 0x0000000089200000, 0x0000000089300000|  0%| F|  |TAMS 0x0000000089200000, 0x0000000089200000| Untracked 
| 147|0x0000000089300000, 0x0000000089300000, 0x0000000089400000|  0%| F|  |TAMS 0x0000000089300000, 0x0000000089300000| Untracked 
| 148|0x0000000089400000, 0x0000000089400000, 0x0000000089500000|  0%| F|  |TAMS 0x0000000089400000, 0x0000000089400000| Untracked 
| 149|0x0000000089500000, 0x0000000089500000, 0x0000000089600000|  0%| F|  |TAMS 0x0000000089500000, 0x0000000089500000| Untracked 
| 150|0x0000000089600000, 0x0000000089600000, 0x0000000089700000|  0%| F|  |TAMS 0x0000000089600000, 0x0000000089600000| Untracked 
| 151|0x0000000089700000, 0x0000000089700000, 0x0000000089800000|  0%| F|  |TAMS 0x0000000089700000, 0x0000000089700000| Untracked 
| 152|0x0000000089800000, 0x0000000089800000, 0x0000000089900000|  0%| F|  |TAMS 0x0000000089800000, 0x0000000089800000| Untracked 
| 153|0x0000000089900000, 0x0000000089900000, 0x0000000089a00000|  0%| F|  |TAMS 0x0000000089900000, 0x0000000089900000| Untracked 
| 154|0x0000000089a00000, 0x0000000089a00000, 0x0000000089b00000|  0%| F|  |TAMS 0x0000000089a00000, 0x0000000089a00000| Untracked 
| 155|0x0000000089b00000, 0x0000000089b00000, 0x0000000089c00000|  0%| F|  |TAMS 0x0000000089b00000, 0x0000000089b00000| Untracked 
| 156|0x0000000089c00000, 0x0000000089c00000, 0x0000000089d00000|  0%| F|  |TAMS 0x0000000089c00000, 0x0000000089c00000| Untracked 
| 157|0x0000000089d00000, 0x0000000089d00000, 0x0000000089e00000|  0%| F|  |TAMS 0x0000000089d00000, 0x0000000089d00000| Untracked 
| 158|0x0000000089e00000, 0x0000000089e00000, 0x0000000089f00000|  0%| F|  |TAMS 0x0000000089e00000, 0x0000000089e00000| Untracked 
| 159|0x0000000089f00000, 0x0000000089f00000, 0x000000008a000000|  0%| F|  |TAMS 0x0000000089f00000, 0x0000000089f00000| Untracked 
| 160|0x000000008a000000, 0x000000008a000000, 0x000000008a100000|  0%| F|  |TAMS 0x000000008a000000, 0x000000008a000000| Untracked 
| 161|0x000000008a100000, 0x000000008a100000, 0x000000008a200000|  0%| F|  |TAMS 0x000000008a100000, 0x000000008a100000| Untracked 
| 162|0x000000008a200000, 0x000000008a200000, 0x000000008a300000|  0%| F|  |TAMS 0x000000008a200000, 0x000000008a200000| Untracked 
| 163|0x000000008a300000, 0x000000008a300000, 0x000000008a400000|  0%| F|  |TAMS 0x000000008a300000, 0x000000008a300000| Untracked 
| 164|0x000000008a400000, 0x000000008a400000, 0x000000008a500000|  0%| F|  |TAMS 0x000000008a400000, 0x000000008a400000| Untracked 
| 165|0x000000008a500000, 0x000000008a500000, 0x000000008a600000|  0%| F|  |TAMS 0x000000008a500000, 0x000000008a500000| Untracked 
| 166|0x000000008a600000, 0x000000008a600000, 0x000000008a700000|  0%| F|  |TAMS 0x000000008a600000, 0x000000008a600000| Untracked 
| 167|0x000000008a700000, 0x000000008a700000, 0x000000008a800000|  0%| F|  |TAMS 0x000000008a700000, 0x000000008a700000| Untracked 
| 168|0x000000008a800000, 0x000000008a800000, 0x000000008a900000|  0%| F|  |TAMS 0x000000008a800000, 0x000000008a800000| Untracked 
| 169|0x000000008a900000, 0x000000008a900000, 0x000000008aa00000|  0%| F|  |TAMS 0x000000008a900000, 0x000000008a900000| Untracked 
| 170|0x000000008aa00000, 0x000000008aa00000, 0x000000008ab00000|  0%| F|  |TAMS 0x000000008aa00000, 0x000000008aa00000| Untracked 
| 171|0x000000008ab00000, 0x000000008ab00000, 0x000000008ac00000|  0%| F|  |TAMS 0x000000008ab00000, 0x000000008ab00000| Untracked 
| 172|0x000000008ac00000, 0x000000008ac00000, 0x000000008ad00000|  0%| F|  |TAMS 0x000000008ac00000, 0x000000008ac00000| Untracked 
| 173|0x000000008ad00000, 0x000000008ad00000, 0x000000008ae00000|  0%| F|  |TAMS 0x000000008ad00000, 0x000000008ad00000| Untracked 
| 174|0x000000008ae00000, 0x000000008ae00000, 0x000000008af00000|  0%| F|  |TAMS 0x000000008ae00000, 0x000000008ae00000| Untracked 
| 175|0x000000008af00000, 0x000000008af00000, 0x000000008b000000|  0%| F|  |TAMS 0x000000008af00000, 0x000000008af00000| Untracked 
| 176|0x000000008b000000, 0x000000008b000000, 0x000000008b100000|  0%| F|  |TAMS 0x000000008b000000, 0x000000008b000000| Untracked 
| 177|0x000000008b100000, 0x000000008b100000, 0x000000008b200000|  0%| F|  |TAMS 0x000000008b100000, 0x000000008b100000| Untracked 
| 178|0x000000008b200000, 0x000000008b200000, 0x000000008b300000|  0%| F|  |TAMS 0x000000008b200000, 0x000000008b200000| Untracked 
| 179|0x000000008b300000, 0x000000008b300000, 0x000000008b400000|  0%| F|  |TAMS 0x000000008b300000, 0x000000008b300000| Untracked 
| 180|0x000000008b400000, 0x000000008b400000, 0x000000008b500000|  0%| F|  |TAMS 0x000000008b400000, 0x000000008b400000| Untracked 
| 181|0x000000008b500000, 0x000000008b500000, 0x000000008b600000|  0%| F|  |TAMS 0x000000008b500000, 0x000000008b500000| Untracked 
| 182|0x000000008b600000, 0x000000008b600000, 0x000000008b700000|  0%| F|  |TAMS 0x000000008b600000, 0x000000008b600000| Untracked 
| 183|0x000000008b700000, 0x000000008b700000, 0x000000008b800000|  0%| F|  |TAMS 0x000000008b700000, 0x000000008b700000| Untracked 
| 184|0x000000008b800000, 0x000000008b800000, 0x000000008b900000|  0%| F|  |TAMS 0x000000008b800000, 0x000000008b800000| Untracked 
| 185|0x000000008b900000, 0x000000008b900000, 0x000000008ba00000|  0%| F|  |TAMS 0x000000008b900000, 0x000000008b900000| Untracked 
| 186|0x000000008ba00000, 0x000000008ba00000, 0x000000008bb00000|  0%| F|  |TAMS 0x000000008ba00000, 0x000000008ba00000| Untracked 
| 187|0x000000008bb00000, 0x000000008bb00000, 0x000000008bc00000|  0%| F|  |TAMS 0x000000008bb00000, 0x000000008bb00000| Untracked 
| 188|0x000000008bc00000, 0x000000008bc00000, 0x000000008bd00000|  0%| F|  |TAMS 0x000000008bc00000, 0x000000008bc00000| Untracked 
| 189|0x000000008bd00000, 0x000000008bd00000, 0x000000008be00000|  0%| F|  |TAMS 0x000000008bd00000, 0x000000008bd00000| Untracked 
| 190|0x000000008be00000, 0x000000008be00000, 0x000000008bf00000|  0%| F|  |TAMS 0x000000008be00000, 0x000000008be00000| Untracked 
| 191|0x000000008bf00000, 0x000000008bf00000, 0x000000008c000000|  0%| F|  |TAMS 0x000000008bf00000, 0x000000008bf00000| Untracked 
| 192|0x000000008c000000, 0x000000008c000000, 0x000000008c100000|  0%| F|  |TAMS 0x000000008c000000, 0x000000008c000000| Untracked 
| 193|0x000000008c100000, 0x000000008c100000, 0x000000008c200000|  0%| F|  |TAMS 0x000000008c100000, 0x000000008c100000| Untracked 
| 194|0x000000008c200000, 0x000000008c200000, 0x000000008c300000|  0%| F|  |TAMS 0x000000008c200000, 0x000000008c200000| Untracked 
| 195|0x000000008c300000, 0x000000008c300000, 0x000000008c400000|  0%| F|  |TAMS 0x000000008c300000, 0x000000008c300000| Untracked 
| 196|0x000000008c400000, 0x000000008c400000, 0x000000008c500000|  0%| F|  |TAMS 0x000000008c400000, 0x000000008c400000| Untracked 
| 197|0x000000008c500000, 0x000000008c500000, 0x000000008c600000|  0%| F|  |TAMS 0x000000008c500000, 0x000000008c500000| Untracked 
| 198|0x000000008c600000, 0x000000008c600000, 0x000000008c700000|  0%| F|  |TAMS 0x000000008c600000, 0x000000008c600000| Untracked 
| 199|0x000000008c700000, 0x000000008c700000, 0x000000008c800000|  0%| F|  |TAMS 0x000000008c700000, 0x000000008c700000| Untracked 
| 200|0x000000008c800000, 0x000000008c800000, 0x000000008c900000|  0%| F|  |TAMS 0x000000008c800000, 0x000000008c800000| Untracked 
| 201|0x000000008c900000, 0x000000008c900000, 0x000000008ca00000|  0%| F|  |TAMS 0x000000008c900000, 0x000000008c900000| Untracked 
| 202|0x000000008ca00000, 0x000000008ca00000, 0x000000008cb00000|  0%| F|  |TAMS 0x000000008ca00000, 0x000000008ca00000| Untracked 
| 203|0x000000008cb00000, 0x000000008cb00000, 0x000000008cc00000|  0%| F|  |TAMS 0x000000008cb00000, 0x000000008cb00000| Untracked 
| 204|0x000000008cc00000, 0x000000008cc00000, 0x000000008cd00000|  0%| F|  |TAMS 0x000000008cc00000, 0x000000008cc00000| Untracked 
| 205|0x000000008cd00000, 0x000000008cd00000, 0x000000008ce00000|  0%| F|  |TAMS 0x000000008cd00000, 0x000000008cd00000| Untracked 
| 206|0x000000008ce00000, 0x000000008ce00000, 0x000000008cf00000|  0%| F|  |TAMS 0x000000008ce00000, 0x000000008ce00000| Untracked 
| 207|0x000000008cf00000, 0x000000008cf00000, 0x000000008d000000|  0%| F|  |TAMS 0x000000008cf00000, 0x000000008cf00000| Untracked 
| 208|0x000000008d000000, 0x000000008d000000, 0x000000008d100000|  0%| F|  |TAMS 0x000000008d000000, 0x000000008d000000| Untracked 
| 209|0x000000008d100000, 0x000000008d100000, 0x000000008d200000|  0%| F|  |TAMS 0x000000008d100000, 0x000000008d100000| Untracked 
| 210|0x000000008d200000, 0x000000008d200000, 0x000000008d300000|  0%| F|  |TAMS 0x000000008d200000, 0x000000008d200000| Untracked 
| 211|0x000000008d300000, 0x000000008d400000, 0x000000008d400000|100%| E|  |TAMS 0x000000008d300000, 0x000000008d300000| Complete 
| 212|0x000000008d400000, 0x000000008d500000, 0x000000008d500000|100%| E|CS|TAMS 0x000000008d400000, 0x000000008d400000| Complete 
| 213|0x000000008d500000, 0x000000008d600000, 0x000000008d600000|100%| E|CS|TAMS 0x000000008d500000, 0x000000008d500000| Complete 
| 214|0x000000008d600000, 0x000000008d700000, 0x000000008d700000|100%| E|CS|TAMS 0x000000008d600000, 0x000000008d600000| Complete 
| 215|0x000000008d700000, 0x000000008d800000, 0x000000008d800000|100%| E|CS|TAMS 0x000000008d700000, 0x000000008d700000| Complete 
| 216|0x000000008d800000, 0x000000008d900000, 0x000000008d900000|100%| E|CS|TAMS 0x000000008d800000, 0x000000008d800000| Complete 
| 217|0x000000008d900000, 0x000000008da00000, 0x000000008da00000|100%| E|CS|TAMS 0x000000008d900000, 0x000000008d900000| Complete 
| 218|0x000000008da00000, 0x000000008db00000, 0x000000008db00000|100%| E|  |TAMS 0x000000008da00000, 0x000000008da00000| Complete 
| 219|0x000000008db00000, 0x000000008dc00000, 0x000000008dc00000|100%| E|CS|TAMS 0x000000008db00000, 0x000000008db00000| Complete 
| 220|0x000000008dc00000, 0x000000008dd00000, 0x000000008dd00000|100%| E|CS|TAMS 0x000000008dc00000, 0x000000008dc00000| Complete 
| 221|0x000000008dd00000, 0x000000008de00000, 0x000000008de00000|100%| E|CS|TAMS 0x000000008dd00000, 0x000000008dd00000| Complete 
| 222|0x000000008de00000, 0x000000008df00000, 0x000000008df00000|100%| E|CS|TAMS 0x000000008de00000, 0x000000008de00000| Complete 
| 223|0x000000008df00000, 0x000000008e000000, 0x000000008e000000|100%| E|CS|TAMS 0x000000008df00000, 0x000000008df00000| Complete 
| 224|0x000000008e000000, 0x000000008e100000, 0x000000008e100000|100%| E|CS|TAMS 0x000000008e000000, 0x000000008e000000| Complete 
| 225|0x000000008e100000, 0x000000008e200000, 0x000000008e200000|100%| E|CS|TAMS 0x000000008e100000, 0x000000008e100000| Complete 
| 226|0x000000008e200000, 0x000000008e300000, 0x000000008e300000|100%| E|CS|TAMS 0x000000008e200000, 0x000000008e200000| Complete 
| 227|0x000000008e300000, 0x000000008e400000, 0x000000008e400000|100%| E|CS|TAMS 0x000000008e300000, 0x000000008e300000| Complete 
| 228|0x000000008e400000, 0x000000008e500000, 0x000000008e500000|100%| E|CS|TAMS 0x000000008e400000, 0x000000008e400000| Complete 
| 229|0x000000008e500000, 0x000000008e600000, 0x000000008e600000|100%| E|CS|TAMS 0x000000008e500000, 0x000000008e500000| Complete 
| 230|0x000000008e600000, 0x000000008e700000, 0x000000008e700000|100%| E|CS|TAMS 0x000000008e600000, 0x000000008e600000| Complete 
| 231|0x000000008e700000, 0x000000008e800000, 0x000000008e800000|100%| E|CS|TAMS 0x000000008e700000, 0x000000008e700000| Complete 
| 232|0x000000008e800000, 0x000000008e900000, 0x000000008e900000|100%| E|CS|TAMS 0x000000008e800000, 0x000000008e800000| Complete 
| 233|0x000000008e900000, 0x000000008ea00000, 0x000000008ea00000|100%| E|CS|TAMS 0x000000008e900000, 0x000000008e900000| Complete 
| 234|0x000000008ea00000, 0x000000008eb00000, 0x000000008eb00000|100%| E|CS|TAMS 0x000000008ea00000, 0x000000008ea00000| Complete 
| 235|0x000000008eb00000, 0x000000008ec00000, 0x000000008ec00000|100%| E|CS|TAMS 0x000000008eb00000, 0x000000008eb00000| Complete 
| 236|0x000000008ec00000, 0x000000008ed00000, 0x000000008ed00000|100%| E|CS|TAMS 0x000000008ec00000, 0x000000008ec00000| Complete 
| 237|0x000000008ed00000, 0x000000008ee00000, 0x000000008ee00000|100%| E|CS|TAMS 0x000000008ed00000, 0x000000008ed00000| Complete 
| 238|0x000000008ee00000, 0x000000008ef00000, 0x000000008ef00000|100%| E|CS|TAMS 0x000000008ee00000, 0x000000008ee00000| Complete 
| 239|0x000000008ef00000, 0x000000008f000000, 0x000000008f000000|100%| E|CS|TAMS 0x000000008ef00000, 0x000000008ef00000| Complete 
| 240|0x000000008f000000, 0x000000008f100000, 0x000000008f100000|100%| E|CS|TAMS 0x000000008f000000, 0x000000008f000000| Complete 
| 241|0x000000008f100000, 0x000000008f200000, 0x000000008f200000|100%| E|CS|TAMS 0x000000008f100000, 0x000000008f100000| Complete 
| 242|0x000000008f200000, 0x000000008f300000, 0x000000008f300000|100%| E|CS|TAMS 0x000000008f200000, 0x000000008f200000| Complete 
| 243|0x000000008f300000, 0x000000008f400000, 0x000000008f400000|100%| E|CS|TAMS 0x000000008f300000, 0x000000008f300000| Complete 
| 244|0x000000008f400000, 0x000000008f500000, 0x000000008f500000|100%| E|CS|TAMS 0x000000008f400000, 0x000000008f400000| Complete 
| 245|0x000000008f500000, 0x000000008f600000, 0x000000008f600000|100%| E|CS|TAMS 0x000000008f500000, 0x000000008f500000| Complete 
| 246|0x000000008f600000, 0x000000008f700000, 0x000000008f700000|100%| E|CS|TAMS 0x000000008f600000, 0x000000008f600000| Complete 
| 247|0x000000008f700000, 0x000000008f800000, 0x000000008f800000|100%| E|CS|TAMS 0x000000008f700000, 0x000000008f700000| Complete 
| 248|0x000000008f800000, 0x000000008f900000, 0x000000008f900000|100%| E|CS|TAMS 0x000000008f800000, 0x000000008f800000| Complete 
| 249|0x000000008f900000, 0x000000008fa00000, 0x000000008fa00000|100%| E|CS|TAMS 0x000000008f900000, 0x000000008f900000| Complete 
| 250|0x000000008fa00000, 0x000000008fb00000, 0x000000008fb00000|100%| E|CS|TAMS 0x000000008fa00000, 0x000000008fa00000| Complete 
| 251|0x000000008fb00000, 0x000000008fc00000, 0x000000008fc00000|100%| E|CS|TAMS 0x000000008fb00000, 0x000000008fb00000| Complete 

Card table byte_map: [0x000001424c120000,0x000001424c520000] _byte_map_base: 0x000001424bd20000

Marking Bits (Prev, Next): (CMBitMap*) 0x0000014238f1b258, (CMBitMap*) 0x0000014238f1b290
 Prev Bits: [0x000001424c920000, 0x000001424e920000)
 Next Bits: [0x000001424e920000, 0x0000014250920000)

Polling page: 0x0000014236e30000

Metaspace:

Usage:
  Non-class:     75.29 MB capacity,    74.07 MB ( 98%) used,  1017.22 KB (  1%) free+waste,   232.81 KB ( <1%) overhead. 
      Class:     11.83 MB capacity,    11.04 MB ( 93%) used,   698.63 KB (  6%) free+waste,   107.75 KB ( <1%) overhead. 
       Both:     87.12 MB capacity,    85.11 MB ( 98%) used,     1.68 MB (  2%) free+waste,   340.56 KB ( <1%) overhead. 

Virtual space:
  Non-class space:       76.00 MB reserved,      75.32 MB (>99%) committed 
      Class space:        1.00 GB reserved,      11.85 MB (  1%) committed 
             Both:        1.07 GB reserved,      87.16 MB (  8%) committed 

Chunk freelists:
   Non-Class:  28.00 KB
       Class:  18.00 KB
        Both:  46.00 KB

MaxMetaspaceSize: 17179869184.00 GB
CompressedClassSpaceSize: 1.00 GB
Initial GC threshold: 20.80 MB
Current GC threshold: 128.40 MB
CDS: off

CodeHeap 'non-profiled nmethods': size=120000Kb used=5568Kb max_used=5568Kb free=114431Kb
 bounds [0x00000142444c0000, 0x0000014244a40000, 0x000001424b9f0000]
CodeHeap 'profiled nmethods': size=120000Kb used=18652Kb max_used=18652Kb free=101348Kb
 bounds [0x000001423cf90000, 0x000001423e1d0000, 0x00000142444c0000]
CodeHeap 'non-nmethods': size=5760Kb used=2401Kb max_used=2460Kb free=3358Kb
 bounds [0x000001423c9f0000, 0x000001423cc60000, 0x000001423cf90000]
 total_blobs=9516 nmethods=8595 adapters=831
 compilation: enabled
              stopped_count=0, restarted_count=0
 full_count=0

Compilation events (20 events):
Event: 47.668 Thread 0x0000014253c68000 nmethod 8502 0x0000014244a25b10 code [0x0000014244a25d60, 0x0000014244a26580]
Event: 47.668 Thread 0x0000014253c68000 8492       4       java.beans.Introspector::addMethod (196 bytes)
Event: 47.686 Thread 0x000001425ada4800 nmethod 8529 0x0000014244a26c10 code [0x0000014244a26ea0, 0x0000014244a29130]
Event: 47.686 Thread 0x000001425ada4800 8528       4       org.codehaus.groovy.reflection.CachedMethod::compareToMethod (125 bytes)
Event: 47.686 Thread 0x0000014253c6b800 8546       3       org.codehaus.groovy.runtime.metaclass.MetaMethodIndex::copyNonPrivateNonNewMetaMethods (24 bytes)
Event: 47.687 Thread 0x0000014253c6b800 nmethod 8546 0x000001423e17d190 code [0x000001423e17d360, 0x000001423e17d568]
Event: 47.696 Thread 0x0000014253c6b800 8549       3       org.codehaus.groovy.reflection.CachedClass$8::initValue (127 bytes)
Event: 47.698 Thread 0x0000014253c6b800 nmethod 8549 0x000001423e17d690 code [0x000001423e17d9e0, 0x000001423e17f0b8]
Event: 47.698 Thread 0x0000014253c6b800 8548       3       org.codehaus.groovy.reflection.CachedClass$8::initValue (5 bytes)
Event: 47.698 Thread 0x000001425ada4800 nmethod 8528 0x0000014244a2a610 code [0x0000014244a2a820, 0x0000014244a2b200]
Event: 47.698 Thread 0x000001425ada4800 8452  s!   4       java.beans.PropertyDescriptor::getReadMethod (149 bytes)
Event: 47.698 Thread 0x0000014253c6b800 nmethod 8548 0x000001423e17f810 code [0x000001423e17f9c0, 0x000001423e17fae8]
Event: 47.702 Thread 0x0000014253c6b800 8551   !   3       java.beans.Introspector::getBeanInfo (94 bytes)
Event: 47.703 Thread 0x0000014253c6b800 nmethod 8551 0x000001423e17fb90 code [0x000001423e17fe80, 0x000001423e180fe8]
Event: 47.703 Thread 0x0000014253c6b800 8552       3       java.beans.ThreadGroupContext::getBeanInfo (25 bytes)
Event: 47.703 Thread 0x0000014253c6b800 nmethod 8552 0x000001423e181590 code [0x000001423e181760, 0x000001423e181a88]
Event: 47.703 Thread 0x0000014253c6b800 8553   !   3       jdk.internal.reflect.GeneratedConstructorAccessor49::newInstance (53 bytes)
Event: 47.704 Thread 0x000001425ada4800 nmethod 8452 0x0000014244a2b890 code [0x0000014244a2ba40, 0x0000014244a2bf38]
Event: 47.704 Thread 0x000001425ada4800 8543       4       java.lang.Integer::parseInt (7 bytes)
Event: 47.704 Thread 0x0000014253c6b800 nmethod 8553 0x000001423e181b90 code [0x000001423e181de0, 0x000001423e182648]

GC Heap History (20 events):
Event: 14.577 GC heap before
{Heap before GC invocations=0 (full 0):
 garbage-first heap   total 258048K, used 29696K [0x0000000080000000, 0x0000000100000000)
  region size 1024K, 24 young (24576K), 0 survivors (0K)
 Metaspace       used 10114K, capacity 10339K, committed 10624K, reserved 1058816K
  class space    used 1032K, capacity 1106K, committed 1152K, reserved 1048576K
}
Event: 14.594 GC heap after
{Heap after GC invocations=1 (full 0):
 garbage-first heap   total 258048K, used 9213K [0x0000000080000000, 0x0000000100000000)
  region size 1024K, 3 young (3072K), 3 survivors (3072K)
 Metaspace       used 10114K, capacity 10339K, committed 10624K, reserved 1058816K
  class space    used 1032K, capacity 1106K, committed 1152K, reserved 1048576K
}
Event: 26.568 GC heap before
{Heap before GC invocations=1 (full 0):
 garbage-first heap   total 258048K, used 107517K [0x0000000080000000, 0x0000000100000000)
  region size 1024K, 99 young (101376K), 3 survivors (3072K)
 Metaspace       used 20780K, capacity 21201K, committed 21296K, reserved 1069056K
  class space    used 2526K, capacity 2687K, committed 2688K, reserved 1048576K
}
Event: 26.581 GC heap after
{Heap after GC invocations=2 (full 0):
 garbage-first heap   total 258048K, used 17162K [0x0000000080000000, 0x0000000100000000)
  region size 1024K, 11 young (11264K), 11 survivors (11264K)
 Metaspace       used 20780K, capacity 21201K, committed 21296K, reserved 1069056K
  class space    used 2526K, capacity 2687K, committed 2688K, reserved 1048576K
}
Event: 27.022 GC heap before
{Heap before GC invocations=3 (full 0):
 garbage-first heap   total 258048K, used 39690K [0x0000000080000000, 0x0000000100000000)
  region size 1024K, 33 young (33792K), 11 survivors (11264K)
 Metaspace       used 22758K, capacity 23354K, committed 23548K, reserved 1069056K
  class space    used 2876K, capacity 3071K, committed 3148K, reserved 1048576K
}
Event: 27.032 GC heap after
{Heap after GC invocations=4 (full 0):
 garbage-first heap   total 258048K, used 18056K [0x0000000080000000, 0x0000000100000000)
  region size 1024K, 2 young (2048K), 2 survivors (2048K)
 Metaspace       used 22758K, capacity 23354K, committed 23548K, reserved 1069056K
  class space    used 2876K, capacity 3071K, committed 3148K, reserved 1048576K
}
Event: 28.784 GC heap before
{Heap before GC invocations=4 (full 0):
 garbage-first heap   total 258048K, used 98952K [0x0000000080000000, 0x0000000100000000)
  region size 1024K, 81 young (82944K), 2 survivors (2048K)
 Metaspace       used 30933K, capacity 31727K, committed 31868K, reserved 1077248K
  class space    used 4132K, capacity 4423K, committed 4556K, reserved 1048576K
}
Event: 28.790 GC heap after
{Heap after GC invocations=5 (full 0):
 garbage-first heap   total 258048K, used 20402K [0x0000000080000000, 0x0000000100000000)
  region size 1024K, 4 young (4096K), 4 survivors (4096K)
 Metaspace       used 30933K, capacity 31727K, committed 31868K, reserved 1077248K
  class space    used 4132K, capacity 4423K, committed 4556K, reserved 1048576K
}
Event: 29.365 GC heap before
{Heap before GC invocations=5 (full 0):
 garbage-first heap   total 258048K, used 38834K [0x0000000080000000, 0x0000000100000000)
  region size 1024K, 23 young (23552K), 4 survivors (4096K)
 Metaspace       used 35101K, capacity 35957K, committed 36048K, reserved 1081344K
  class space    used 4571K, capacity 4921K, committed 4940K, reserved 1048576K
}
Event: 29.376 GC heap after
{Heap after GC invocations=6 (full 0):
 garbage-first heap   total 258048K, used 22463K [0x0000000080000000, 0x0000000100000000)
  region size 1024K, 6 young (6144K), 6 survivors (6144K)
 Metaspace       used 35101K, capacity 35957K, committed 36048K, reserved 1081344K
  class space    used 4571K, capacity 4921K, committed 4940K, reserved 1048576K
}
Event: 31.038 GC heap before
{Heap before GC invocations=7 (full 0):
 garbage-first heap   total 258048K, used 143295K [0x0000000080000000, 0x0000000100000000)
  region size 1024K, 121 young (123904K), 6 survivors (6144K)
 Metaspace       used 45765K, capacity 46846K, committed 47132K, reserved 1089536K
  class space    used 5820K, capacity 6230K, committed 6296K, reserved 1048576K
}
Event: 31.055 GC heap after
{Heap after GC invocations=8 (full 0):
 garbage-first heap   total 258048K, used 30704K [0x0000000080000000, 0x0000000100000000)
  region size 1024K, 14 young (14336K), 14 survivors (14336K)
 Metaspace       used 45765K, capacity 46846K, committed 47132K, reserved 1089536K
  class space    used 5820K, capacity 6230K, committed 6296K, reserved 1048576K
}
Event: 40.727 GC heap before
{Heap before GC invocations=9 (full 0):
 garbage-first heap   total 258048K, used 159728K [0x0000000080000000, 0x0000000100000000)
  region size 1024K, 138 young (141312K), 14 survivors (14336K)
 Metaspace       used 56855K, capacity 58327K, committed 58652K, reserved 1099776K
  class space    used 7200K, capacity 7754K, committed 7832K, reserved 1048576K
}
Event: 40.745 GC heap after
{Heap after GC invocations=10 (full 0):
 garbage-first heap   total 258048K, used 42626K [0x0000000080000000, 0x0000000100000000)
  region size 1024K, 18 young (18432K), 18 survivors (18432K)
 Metaspace       used 56855K, capacity 58327K, committed 58652K, reserved 1099776K
  class space    used 7200K, capacity 7754K, committed 7832K, reserved 1048576K
}
Event: 43.658 GC heap before
{Heap before GC invocations=10 (full 0):
 garbage-first heap   total 258048K, used 184962K [0x0000000080000000, 0x0000000100000000)
  region size 1024K, 150 young (153600K), 18 survivors (18432K)
 Metaspace       used 70299K, capacity 71946K, committed 72220K, reserved 1112064K
  class space    used 8875K, capacity 9528K, committed 9624K, reserved 1048576K
}
Event: 43.679 GC heap after
{Heap after GC invocations=11 (full 0):
 garbage-first heap   total 258048K, used 53341K [0x0000000080000000, 0x0000000100000000)
  region size 1024K, 11 young (11264K), 11 survivors (11264K)
 Metaspace       used 70299K, capacity 71946K, committed 72220K, reserved 1112064K
  class space    used 8875K, capacity 9528K, committed 9624K, reserved 1048576K
}
Event: 45.220 GC heap before
{Heap before GC invocations=11 (full 0):
 garbage-first heap   total 258048K, used 149597K [0x0000000080000000, 0x0000000100000000)
  region size 1024K, 105 young (107520K), 11 survivors (11264K)
 Metaspace       used 76766K, capacity 78526K, committed 78556K, reserved 1118208K
  class space    used 9922K, capacity 10623K, committed 10648K, reserved 1048576K
}
Event: 45.240 GC heap after
{Heap after GC invocations=12 (full 0):
 garbage-first heap   total 258048K, used 57328K [0x0000000080000000, 0x0000000100000000)
  region size 1024K, 15 young (15360K), 15 survivors (15360K)
 Metaspace       used 76766K, capacity 78526K, committed 78556K, reserved 1118208K
  class space    used 9922K, capacity 10623K, committed 10648K, reserved 1048576K
}
Event: 47.502 GC heap before
{Heap before GC invocations=13 (full 0):
 garbage-first heap   total 258048K, used 190448K [0x0000000080000000, 0x0000000100000000)
  region size 1024K, 145 young (148480K), 15 survivors (15360K)
 Metaspace       used 86559K, capacity 88548K, committed 88744K, reserved 1126400K
  class space    used 11261K, capacity 12042K, committed 12132K, reserved 1048576K
}
Event: 47.522 GC heap after
{Heap after GC invocations=14 (full 0):
 garbage-first heap   total 258048K, used 68375K [0x0000000080000000, 0x0000000100000000)
  region size 1024K, 17 young (17408K), 17 survivors (17408K)
 Metaspace       used 86559K, capacity 88548K, committed 88744K, reserved 1126400K
  class space    used 11261K, capacity 12042K, committed 12132K, reserved 1048576K
}

Deoptimization events (20 events):
Event: 46.839 Thread 0x000001425502c800 DEOPT PACKING pc=0x000001424475fe88 sp=0x0000000268df7b90
Event: 46.839 Thread 0x000001425502c800 DEOPT UNPACKING pc=0x000001423c9f85af sp=0x0000000268df7aa8 mode 2
Event: 46.839 Thread 0x000001425502c800 Uncommon trap: trap_request=0xffffff4d fr.pc=0x000001424475960c relative=0x000000000000068c
Event: 46.839 Thread 0x000001425502c800 Uncommon trap: reason=unstable_if action=reinterpret pc=0x000001424475960c method=java.util.HashMap.putVal(ILjava/lang/Object;Ljava/lang/Object;ZZ)Ljava/lang/Object; @ 109 c2
Event: 46.839 Thread 0x000001425502c800 DEOPT PACKING pc=0x000001424475960c sp=0x0000000268df7ae0
Event: 46.839 Thread 0x000001425502c800 DEOPT UNPACKING pc=0x000001423c9f85af sp=0x0000000268df7a98 mode 2
Event: 46.841 Thread 0x000001425502c800 DEOPT PACKING pc=0x000001423dc11656 sp=0x0000000268df7e30
Event: 46.841 Thread 0x000001425502c800 DEOPT UNPACKING pc=0x000001423ca39d0e sp=0x0000000268df73f8 mode 0
Event: 46.971 Thread 0x000001425502c800 DEOPT PACKING pc=0x000001423dc11656 sp=0x0000000268df7ce0
Event: 46.971 Thread 0x000001425502c800 DEOPT UNPACKING pc=0x000001423ca39d0e sp=0x0000000268df7280 mode 0
Event: 47.191 Thread 0x000001425502c800 DEOPT PACKING pc=0x000001423dc11656 sp=0x0000000268df91d0
Event: 47.191 Thread 0x000001425502c800 DEOPT UNPACKING pc=0x000001423ca39d0e sp=0x0000000268df8770 mode 0
Event: 47.390 Thread 0x000001425502c800 Uncommon trap: trap_request=0xffffff4d fr.pc=0x00000142449614fc relative=0x000000000000021c
Event: 47.390 Thread 0x000001425502c800 Uncommon trap: reason=unstable_if action=reinterpret pc=0x00000142449614fc method=org.codehaus.groovy.vmplugin.v8.Java8.checkCanSetAccessible(Ljava/lang/reflect/AccessibleObject;Ljava/lang/Class;)Z @ 42 c2
Event: 47.390 Thread 0x000001425502c800 DEOPT PACKING pc=0x00000142449614fc sp=0x0000000268df5b60
Event: 47.390 Thread 0x000001425502c800 DEOPT UNPACKING pc=0x000001423c9f85af sp=0x0000000268df5a58 mode 2
Event: 47.404 Thread 0x000001425502c800 Uncommon trap: trap_request=0xffffff4d fr.pc=0x000001424478448c relative=0x0000000000000bcc
Event: 47.404 Thread 0x000001425502c800 Uncommon trap: reason=unstable_if action=reinterpret pc=0x000001424478448c method=java.lang.ClassLoader.loadClass(Ljava/lang/String;Z)Ljava/lang/Class; @ 29 c2
Event: 47.404 Thread 0x000001425502c800 DEOPT PACKING pc=0x000001424478448c sp=0x0000000268df5a60
Event: 47.404 Thread 0x000001425502c800 DEOPT UNPACKING pc=0x000001423c9f85af sp=0x0000000268df5a28 mode 2

Classes redefined (0 events):
No events

Internal exceptions (20 events):
Event: 47.667 Thread 0x000001425502c800 Exception <a 'java/lang/ClassNotFoundException'{0x000000008e381e88}: com/android/build/gradle/internal/tasks/StripDebugSymbolsTask_DecoratedBeanInfo> (0x000000008e381e88) thrown at [src/hotspot/share/classfile/systemDictionary.cpp, line 230]
Event: 47.668 Thread 0x000001425502c800 Exception <a 'java/lang/ClassNotFoundException'{0x000000008e39f048}: com/android/build/gradle/internal/tasks/StripDebugSymbolsTaskBeanInfo> (0x000000008e39f048) thrown at [src/hotspot/share/classfile/systemDictionary.cpp, line 230]
Event: 47.669 Thread 0x000001425502c800 Exception <a 'java/lang/ClassNotFoundException'{0x000000008e3bc548}: com/android/build/gradle/internal/tasks/StripDebugSymbolsTaskCustomizer> (0x000000008e3bc548) thrown at [src/hotspot/share/classfile/systemDictionary.cpp, line 230]
Event: 47.670 Thread 0x000001425502c800 Exception <a 'java/lang/ClassNotFoundException'{0x000000008e3f3b08}: com/android/build/gradle/internal/tasks/StripDebugSymbolsTask_DecoratedCustomizer> (0x000000008e3f3b08) thrown at [src/hotspot/share/classfile/systemDictionary.cpp, line 230]
Event: 47.675 Thread 0x000001425502c800 Exception <a 'java/lang/ClassNotFoundException'{0x000000008e2a2ce0}: com/android/build/gradle/internal/tasks/ValidateSigningTask_DecoratedBeanInfo> (0x000000008e2a2ce0) thrown at [src/hotspot/share/classfile/systemDictionary.cpp, line 230]
Event: 47.676 Thread 0x000001425502c800 Exception <a 'java/lang/ClassNotFoundException'{0x000000008e2bfde8}: com/android/build/gradle/internal/tasks/ValidateSigningTaskBeanInfo> (0x000000008e2bfde8) thrown at [src/hotspot/share/classfile/systemDictionary.cpp, line 230]
Event: 47.676 Thread 0x000001425502c800 Exception <a 'java/lang/ClassNotFoundException'{0x000000008e2dcf70}: com/android/build/gradle/internal/tasks/ValidateSigningTaskCustomizer> (0x000000008e2dcf70) thrown at [src/hotspot/share/classfile/systemDictionary.cpp, line 230]
Event: 47.677 Thread 0x000001425502c800 Exception <a 'java/lang/ClassNotFoundException'{0x000000008e110090}: com/android/build/gradle/internal/tasks/ValidateSigningTask_DecoratedCustomizer> (0x000000008e110090) thrown at [src/hotspot/share/classfile/systemDictionary.cpp, line 230]
Event: 47.680 Thread 0x000001425502c800 Exception <a 'java/lang/ClassNotFoundException'{0x000000008e1b9c00}: com/android/build/gradle/internal/tasks/AppMetadataTask_DecoratedBeanInfo> (0x000000008e1b9c00) thrown at [src/hotspot/share/classfile/systemDictionary.cpp, line 230]
Event: 47.681 Thread 0x000001425502c800 Exception <a 'java/lang/ClassNotFoundException'{0x000000008e1d5c78}: com/android/build/gradle/internal/tasks/AppMetadataTaskBeanInfo> (0x000000008e1d5c78) thrown at [src/hotspot/share/classfile/systemDictionary.cpp, line 230]
Event: 47.682 Thread 0x000001425502c800 Exception <a 'java/lang/ClassNotFoundException'{0x000000008e1f1d38}: com/android/build/gradle/internal/tasks/AppMetadataTaskCustomizer> (0x000000008e1f1d38) thrown at [src/hotspot/share/classfile/systemDictionary.cpp, line 230]
Event: 47.683 Thread 0x000001425502c800 Exception <a 'java/lang/ClassNotFoundException'{0x000000008e026cf0}: com/android/build/gradle/internal/tasks/AppMetadataTask_DecoratedCustomizer> (0x000000008e026cf0) thrown at [src/hotspot/share/classfile/systemDictionary.cpp, line 230]
Event: 47.688 Thread 0x000001425502c800 Exception <a 'java/lang/ClassNotFoundException'{0x000000008e0d9710}: com/android/build/gradle/internal/tasks/SigningConfigVersionsWriterTask_DecoratedBeanInfo> (0x000000008e0d9710) thrown at [src/hotspot/share/classfile/systemDictionary.cpp, line 230]
Event: 47.689 Thread 0x000001425502c800 Exception <a 'java/lang/ClassNotFoundException'{0x000000008e0f8118}: com/android/build/gradle/internal/tasks/SigningConfigVersionsWriterTaskBeanInfo> (0x000000008e0f8118) thrown at [src/hotspot/share/classfile/systemDictionary.cpp, line 230]
Event: 47.690 Thread 0x000001425502c800 Exception <a 'java/lang/ClassNotFoundException'{0x000000008df17028}: com/android/build/gradle/internal/tasks/SigningConfigVersionsWriterTaskCustomizer> (0x000000008df17028) thrown at [src/hotspot/share/classfile/systemDictionary.cpp, line 230]
Event: 47.692 Thread 0x000001425502c800 Exception <a 'java/lang/ClassNotFoundException'{0x000000008df53b20}: com/android/build/gradle/internal/tasks/SigningConfigVersionsWriterTask_DecoratedCustomizer> (0x000000008df53b20) thrown at [src/hotspot/share/classfile/systemDictionary.cpp, line 230]
Event: 47.700 Thread 0x000001425502c800 Exception <a 'java/lang/ClassNotFoundException'{0x000000008de57f90}: com/android/build/gradle/tasks/PackageApplication_DecoratedBeanInfo> (0x000000008de57f90) thrown at [src/hotspot/share/classfile/systemDictionary.cpp, line 230]
Event: 47.701 Thread 0x000001425502c800 Exception <a 'java/lang/ClassNotFoundException'{0x000000008de72ac0}: com/android/build/gradle/tasks/PackageApplicationBeanInfo> (0x000000008de72ac0) thrown at [src/hotspot/share/classfile/systemDictionary.cpp, line 230]
Event: 47.702 Thread 0x000001425502c800 Exception <a 'java/lang/ClassNotFoundException'{0x000000008de8e918}: com/android/build/gradle/tasks/PackageAndroidArtifactBeanInfo> (0x000000008de8e918) thrown at [src/hotspot/share/classfile/systemDictionary.cpp, line 230]
Event: 47.703 Thread 0x000001425502c800 Exception <a 'java/lang/ClassNotFoundException'{0x000000008deaa848}: com/android/build/gradle/tasks/PackageAndroidArtifactCustomizer> (0x000000008deaa848) thrown at [src/hotspot/share/classfile/systemDictionary.cpp, line 230]

Events (20 events):
Event: 47.701 loading class com/android/build/gradle/tasks/PackageApplicationBeanInfo
Event: 47.701 loading class com/android/build/gradle/tasks/PackageApplicationBeanInfo done
Event: 47.701 loading class com/android/build/gradle/tasks/PackageApplicationBeanInfo
Event: 47.701 loading class com/android/build/gradle/tasks/PackageApplicationBeanInfo done
Event: 47.701 loading class com/android/build/gradle/tasks/PackageAndroidArtifactBeanInfo
Event: 47.701 loading class com/android/build/gradle/tasks/PackageAndroidArtifactBeanInfo done
Event: 47.701 loading class com/android/build/gradle/tasks/PackageAndroidArtifactBeanInfo
Event: 47.701 loading class com/android/build/gradle/tasks/PackageAndroidArtifactBeanInfo done
Event: 47.702 loading class com/android/build/gradle/tasks/PackageAndroidArtifactBeanInfo
Event: 47.702 loading class com/android/build/gradle/tasks/PackageAndroidArtifactBeanInfo done
Event: 47.702 loading class com/android/build/gradle/tasks/PackageAndroidArtifactCustomizer
Event: 47.702 loading class com/android/build/gradle/tasks/PackageAndroidArtifactCustomizer done
Event: 47.702 loading class com/android/build/gradle/tasks/PackageAndroidArtifactCustomizer
Event: 47.702 loading class com/android/build/gradle/tasks/PackageAndroidArtifactCustomizer done
Event: 47.703 loading class com/android/build/gradle/tasks/PackageAndroidArtifactCustomizer
Event: 47.703 loading class com/android/build/gradle/tasks/PackageAndroidArtifactCustomizer done
Event: 47.704 loading class com/android/build/gradle/tasks/PackageApplicationCustomizer
Event: 47.704 loading class com/android/build/gradle/tasks/PackageApplicationCustomizer done
Event: 47.705 loading class com/android/build/gradle/tasks/PackageApplicationCustomizer
Event: 47.705 loading class com/android/build/gradle/tasks/PackageApplicationCustomizer done


Dynamic libraries:
0x00007ff6407c0000 - 0x00007ff6407ca000 	C:\Program Files\Android\Android Studio\jbr\bin\java.exe
0x00007ffb583b0000 - 0x00007ffb585c4000 	C:\WINDOWS\SYSTEM32\ntdll.dll
0x00007ffb2d000000 - 0x00007ffb2d019000 	C:\Program Files\Avast Software\Avast\aswhook.dll
0x00007ffb57ba0000 - 0x00007ffb57c63000 	C:\WINDOWS\System32\KERNEL32.DLL
0x00007ffb55ad0000 - 0x00007ffb55e6c000 	C:\WINDOWS\System32\KERNELBASE.dll
0x00007ffb55e70000 - 0x00007ffb55f81000 	C:\WINDOWS\System32\ucrtbase.dll
0x00007ffb47a00000 - 0x00007ffb47a17000 	C:\Program Files\Android\Android Studio\jbr\bin\jli.dll
0x00007ffb56360000 - 0x00007ffb5650d000 	C:\WINDOWS\System32\USER32.dll
0x00007ffb55960000 - 0x00007ffb55986000 	C:\WINDOWS\System32\win32u.dll
0x00007ffb58090000 - 0x00007ffb580b9000 	C:\WINDOWS\System32\GDI32.dll
0x00007ffb31ff0000 - 0x00007ffb3227e000 	C:\WINDOWS\WinSxS\amd64_microsoft.windows.common-controls_6595b64144ccf1df_6.0.22621.608_none_a9444ca7c10bb01d\COMCTL32.dll
0x00007ffb55f90000 - 0x00007ffb560a3000 	C:\WINDOWS\System32\gdi32full.dll
0x00007ffb57c90000 - 0x00007ffb57d37000 	C:\WINDOWS\System32\msvcrt.dll
0x00007ffb560b0000 - 0x00007ffb5614a000 	C:\WINDOWS\System32\msvcp_win.dll
0x00007ffb3ed50000 - 0x00007ffb3ed6b000 	C:\Program Files\Android\Android Studio\jbr\bin\VCRUNTIME140.dll
0x00007ffb56510000 - 0x00007ffb56541000 	C:\WINDOWS\System32\IMM32.DLL
0x00007ffb485c0000 - 0x00007ffb485cc000 	C:\Program Files\Android\Android Studio\jbr\bin\vcruntime140_1.dll
0x00007ffb111f0000 - 0x00007ffb1127d000 	C:\Program Files\Android\Android Studio\jbr\bin\msvcp140.dll
0x00007ffac6dd0000 - 0x00007ffac798c000 	C:\Program Files\Android\Android Studio\jbr\bin\server\jvm.dll
0x00007ffb58240000 - 0x00007ffb582ee000 	C:\WINDOWS\System32\ADVAPI32.dll
0x00007ffb577d0000 - 0x00007ffb57874000 	C:\WINDOWS\System32\sechost.dll
0x00007ffb57d40000 - 0x00007ffb57e55000 	C:\WINDOWS\System32\RPCRT4.dll
0x00007ffb577c0000 - 0x00007ffb577c8000 	C:\WINDOWS\System32\PSAPI.DLL
0x00007ffb4b320000 - 0x00007ffb4b354000 	C:\WINDOWS\SYSTEM32\WINMM.dll
0x00007ffb4b2b0000 - 0x00007ffb4b2ba000 	C:\WINDOWS\SYSTEM32\VERSION.dll
0x00007ffb40e40000 - 0x00007ffb40e49000 	C:\WINDOWS\SYSTEM32\WSOCK32.dll
0x00007ffb56650000 - 0x00007ffb566c1000 	C:\WINDOWS\System32\WS2_32.dll
0x00007ffb54810000 - 0x00007ffb54828000 	C:\WINDOWS\SYSTEM32\kernel.appcore.dll
0x00007ffb4a050000 - 0x00007ffb4a060000 	C:\Program Files\Android\Android Studio\jbr\bin\verify.dll
0x00007ffb53130000 - 0x00007ffb5335e000 	C:\WINDOWS\SYSTEM32\DBGHELP.DLL
0x00007ffb566d0000 - 0x00007ffb56a59000 	C:\WINDOWS\System32\combase.dll
0x00007ffb576e0000 - 0x00007ffb577b7000 	C:\WINDOWS\System32\OLEAUT32.dll
0x00007ffb478c0000 - 0x00007ffb478f2000 	C:\WINDOWS\SYSTEM32\dbgcore.DLL
0x00007ffb55990000 - 0x00007ffb55a0b000 	C:\WINDOWS\System32\bcryptPrimitives.dll
0x00007ffb12bd0000 - 0x00007ffb12bf8000 	C:\Program Files\Android\Android Studio\jbr\bin\java.dll
0x00007ffb3f3c0000 - 0x00007ffb3f3ca000 	C:\Program Files\Android\Android Studio\jbr\bin\jimage.dll
0x00007ffb217e0000 - 0x00007ffb217f8000 	C:\Program Files\Android\Android Studio\jbr\bin\zip.dll
0x00007ffb56ee0000 - 0x00007ffb576d0000 	C:\WINDOWS\System32\SHELL32.dll
0x00007ffb537b0000 - 0x00007ffb5407e000 	C:\WINDOWS\SYSTEM32\windows.storage.dll
0x00007ffb53670000 - 0x00007ffb537ae000 	C:\WINDOWS\SYSTEM32\wintypes.dll
0x00007ffb56550000 - 0x00007ffb56641000 	C:\WINDOWS\System32\SHCORE.dll
0x00007ffb57b40000 - 0x00007ffb57b9e000 	C:\WINDOWS\System32\shlwapi.dll
0x00007ffb55720000 - 0x00007ffb55741000 	C:\WINDOWS\SYSTEM32\profapi.dll
0x00007ffb20c30000 - 0x00007ffb20c49000 	C:\Program Files\Android\Android Studio\jbr\bin\net.dll
0x00007ffb4cde0000 - 0x00007ffb4cf0f000 	C:\WINDOWS\SYSTEM32\WINHTTP.dll
0x00007ffb54cb0000 - 0x00007ffb54d19000 	C:\WINDOWS\system32\mswsock.dll
0x00007ffb1f6d0000 - 0x00007ffb1f6e3000 	C:\Program Files\Android\Android Studio\jbr\bin\nio.dll
0x00007ffb4b100000 - 0x00007ffb4b127000 	C:\Users\_dns_\.gradle\native\e1d6ef7f7dcc3fd88c89a11ec53ec762bb8ba0a96d01ffa2cd45eb1d1d8dd5c5\windows-amd64\native-platform.dll
0x00007ffb08500000 - 0x00007ffb08644000 	C:\Users\_dns_\.gradle\native\0d407fdbe67a94daf76414ababcb853783967236a71b16ec16e742cd7a986fd3\windows-amd64\native-platform-file-events.dll
0x00007ffb3f310000 - 0x00007ffb3f31a000 	C:\Program Files\Android\Android Studio\jbr\bin\management.dll
0x00007ffb3eb50000 - 0x00007ffb3eb5b000 	C:\Program Files\Android\Android Studio\jbr\bin\management_ext.dll
0x00007ffb54f20000 - 0x00007ffb54f3b000 	C:\WINDOWS\SYSTEM32\CRYPTSP.dll
0x00007ffb54780000 - 0x00007ffb547b5000 	C:\WINDOWS\system32\rsaenh.dll
0x00007ffb54db0000 - 0x00007ffb54dd8000 	C:\WINDOWS\SYSTEM32\USERENV.dll
0x00007ffb55120000 - 0x00007ffb55148000 	C:\WINDOWS\SYSTEM32\bcrypt.dll
0x00007ffb54f10000 - 0x00007ffb54f1c000 	C:\WINDOWS\SYSTEM32\CRYPTBASE.dll
0x00007ffb542d0000 - 0x00007ffb542fd000 	C:\WINDOWS\SYSTEM32\IPHLPAPI.DLL
0x00007ffb57e60000 - 0x00007ffb57e69000 	C:\WINDOWS\System32\NSI.dll
0x00007ffb4c000000 - 0x00007ffb4c019000 	C:\WINDOWS\SYSTEM32\dhcpcsvc6.DLL
0x00007ffb4b670000 - 0x00007ffb4b68f000 	C:\WINDOWS\SYSTEM32\dhcpcsvc.DLL
0x00007ffb54340000 - 0x00007ffb54433000 	C:\WINDOWS\SYSTEM32\DNSAPI.dll
0x00007ffb11640000 - 0x00007ffb11667000 	C:\Program Files\Android\Android Studio\jbr\bin\sunec.dll
0x00007ffb4bff0000 - 0x00007ffb4bffa000 	C:\Windows\System32\rasadhlp.dll
0x00007ffb486d0000 - 0x00007ffb48753000 	C:\WINDOWS\System32\fwpuclnt.dll

dbghelp: loaded successfully - version: 4.0.5 - missing functions: none
symbol engine: initialized successfully - sym options: 0x614 - pdb path: .;C:\Program Files\Android\Android Studio\jbr\bin;C:\WINDOWS\SYSTEM32;C:\Program Files\Avast Software\Avast;C:\WINDOWS\WinSxS\amd64_microsoft.windows.common-controls_6595b64144ccf1df_6.0.22621.608_none_a9444ca7c10bb01d;C:\Program Files\Android\Android Studio\jbr\bin\server;C:\Users\_dns_\.gradle\native\e1d6ef7f7dcc3fd88c89a11ec53ec762bb8ba0a96d01ffa2cd45eb1d1d8dd5c5\windows-amd64;C:\Users\_dns_\.gradle\native\0d407fdbe67a94daf76414ababcb853783967236a71b16ec16e742cd7a986fd3\windows-amd64

VM Arguments:
jvm_args: --add-opens=java.base/java.util=ALL-UNNAMED --add-opens=java.base/java.lang=ALL-UNNAMED --add-opens=java.base/java.lang.invoke=ALL-UNNAMED --add-opens=java.base/java.util=ALL-UNNAMED --add-opens=java.prefs/java.util.prefs=ALL-UNNAMED --add-opens=java.prefs/java.util.prefs=ALL-UNNAMED --add-opens=java.base/java.nio.charset=ALL-UNNAMED --add-opens=java.base/java.net=ALL-UNNAMED --add-opens=java.base/java.util.concurrent.atomic=ALL-UNNAMED -Xmx2048m -Dfile.encoding=UTF-8 -Duser.country=RU -Duser.language=ru -Duser.variant 
java_command: org.gradle.launcher.daemon.bootstrap.GradleDaemon 7.5
java_class_path (initial): C:\Users\_dns_\.gradle\wrapper\dists\gradle-7.5-bin\f1w0cc9nuo0eivz97x2xlu9sv\gradle-7.5\lib\gradle-launcher-7.5.jar
Launcher Type: SUN_STANDARD

[Global flags]
     intx CICompilerCount                          = 4                                         {product} {ergonomic}
     uint ConcGCThreads                            = 2                                         {product} {ergonomic}
     uint G1ConcRefinementThreads                  = 8                                         {product} {ergonomic}
   size_t G1HeapRegionSize                         = 1048576                                   {product} {ergonomic}
    uintx GCDrainStackTargetSize                   = 64                                        {product} {ergonomic}
   size_t InitialHeapSize                          = 264241152                                 {product} {ergonomic}
   size_t MarkStackSize                            = 4194304                                   {product} {ergonomic}
   size_t MaxHeapSize                              = 2147483648                                {product} {command line}
   size_t MaxNewSize                               = 1287651328                                {product} {ergonomic}
   size_t MinHeapDeltaBytes                        = 1048576                                   {product} {ergonomic}
    uintx NonNMethodCodeHeapSize                   = 5836300                                {pd product} {ergonomic}
    uintx NonProfiledCodeHeapSize                  = 122910970                              {pd product} {ergonomic}
    uintx ProfiledCodeHeapSize                     = 122910970                              {pd product} {ergonomic}
    uintx ReservedCodeCacheSize                    = 251658240                              {pd product} {ergonomic}
     bool SegmentedCodeCache                       = true                                      {product} {ergonomic}
     bool UseCompressedClassPointers               = true                                 {lp64_product} {ergonomic}
     bool UseCompressedOops                        = true                                 {lp64_product} {ergonomic}
     bool UseG1GC                                  = true                                      {product} {ergonomic}
     bool UseLargePagesIndividualAllocation        = false                                  {pd product} {ergonomic}

Logging:
Log output configuration:
 #0: stdout all=warning uptime,level,tags
 #1: stderr all=off uptime,level,tags

Environment Variables:
JAVA_HOME=C:\Program Files\Java\jdk-11.0.15\bin
JRE_HOME=C:\Program Files\Java\jre1.8.0_351
PATH=C:\Program Files\Common Files\Oracle\Java\javapath;C:\app\_dns_\product\21c\dbhomeXE\bin;C:\Program Files (x86)\Common Files\Oracle\Java\javapath;C:\WINDOWS\system32;C:\WINDOWS;C:\WINDOWS\System32\Wbem;C:\WINDOWS\System32\WindowsPowerShell\v1.0\;C:\WINDOWS\System32\OpenSSH\;C:\Program Files\Microsoft SQL Server\150\Tools\Binn\;C:\Program Files\Microsoft SQL Server\Client SDK\ODBC\170\Tools\Binn\;C:\Program Files\Git\cmd;C:\Program Files\Microsoft VS Code\bin;C:\Program Files (x86)\Microsoft SQL Server\150\DTS\Binn\;C:\Program Files\Azure Data Studio\bin;C:\Users\_dns_\AppData\Roaming\nvm;C:\Program Files\nodejs;C:\Program Files\dotnet\;C:\Program Files\Docker\Docker\resources\bin;C:\WINDOWS\system32;C:\WINDOWS;C:\WINDOWS\System32\Wbem;C:\WINDOWS\System32\WindowsPowerShell\v1.0\;C:\WINDOWS\System32\OpenSSH\;C:\Python311\Scripts\;C:\Python311\;C:\Users\_dns_\AppData\Local\Microsoft\WindowsApps;C:\Users\_dns_\AppData\Roaming\npm;C:\Program Files\Azure Data Studio\bin;C:\Users\_dns_\AppData\Roaming\nvm;C:\Program Files\nodejs;C:\Users\_dns_\.dotnet\tools;C:\Users\_dns_\AppData\Local\GitHubDesktop\bin;C:\Users\_dns_\AppData\Local\JetBrains\Toolbox\scripts;C:\Users\_dns_\.dotnet\tools;C:\Users\_dns_\AppData\Local\Microsoft\WindowsApps;
USERNAME=_dns_
OS=Windows_NT
PROCESSOR_IDENTIFIER=Intel64 Family 6 Model 140 Stepping 1, GenuineIntel



---------------  S Y S T E M  ---------------

OS: Windows 11 , 64 bit Build 22621 (10.0.22621.1344)
OS uptime: 1 days 3:09 hours
Hyper-V role detected

CPU:total 8 (initial active 8) (4 cores per cpu, 2 threads per core) family 6 model 140 stepping 1 microcode 0x86, cmov, cx8, fxsr, mmx, sse, sse2, sse3, ssse3, sse4.1, sse4.2, popcnt, avx, avx2, aes, clmul, erms, 3dnowpref, lzcnt, ht, tsc, tscinvbit, bmi1, bmi2, adx, evex, sha, fma

Memory: 4k page, system-wide physical 16078M (1750M free)
TotalPageFile size 21710M (AvailPageFile size 3912M)
current process WorkingSet (physical memory assigned to process): 485M, peak: 489M
current process commit charge ("private bytes"): 564M, peak: 569M

vm_info: OpenJDK 64-Bit Server VM (11.0.15+0-b2043.56-9505619) for windows-amd64 JRE (11.0.15+0-b2043.56-9505619), built on Jan 19 2023 02:48:00 by "builduser" with unknown MS VC++:1929

END.
